2022-05-30 19:41:18,839 -views.py -15 -INFO: 调用异步接口开始.
2022-05-30 19:41:18,839 -views.py -15 -INFO: 调用异步接口开始.
2022-05-30 19:41:18,839 -views.py -15 -INFO: 调用异步接口开始.
2022-05-30 19:41:18,908 -log.py -230 -ERROR: Internal Server Error: /hi/
Traceback (most recent call last):
  File "/root/.local/lib/python3.6/site-packages/django/core/handlers/exception.py", line 47, in inner
    response = get_response(request)
  File "/root/.local/lib/python3.6/site-packages/django/core/handlers/base.py", line 181, in _get_response
    response = wrapped_callback(request, *callback_args, **callback_kwargs)
  File "/mnt/disk1/lb/tut_celery/src/dj_app_hi/views.py", line 16, in hi
    r = hi.delay("hi")
AttributeError: 'function' object has no attribute 'delay'
2022-05-30 19:41:18,908 -log.py -230 -ERROR: Internal Server Error: /hi/
Traceback (most recent call last):
  File "/root/.local/lib/python3.6/site-packages/django/core/handlers/exception.py", line 47, in inner
    response = get_response(request)
  File "/root/.local/lib/python3.6/site-packages/django/core/handlers/base.py", line 181, in _get_response
    response = wrapped_callback(request, *callback_args, **callback_kwargs)
  File "/mnt/disk1/lb/tut_celery/src/dj_app_hi/views.py", line 16, in hi
    r = hi.delay("hi")
AttributeError: 'function' object has no attribute 'delay'
2022-05-30 19:41:18,908 -log.py -230 -ERROR: Internal Server Error: /hi/
Traceback (most recent call last):
  File "/root/.local/lib/python3.6/site-packages/django/core/handlers/exception.py", line 47, in inner
    response = get_response(request)
  File "/root/.local/lib/python3.6/site-packages/django/core/handlers/base.py", line 181, in _get_response
    response = wrapped_callback(request, *callback_args, **callback_kwargs)
  File "/mnt/disk1/lb/tut_celery/src/dj_app_hi/views.py", line 16, in hi
    r = hi.delay("hi")
AttributeError: 'function' object has no attribute 'delay'
2022-05-30 19:42:18,487 -views.py -15 -INFO: 调用异步接口开始.
2022-05-30 19:42:18,487 -views.py -15 -INFO: 调用异步接口开始.
2022-05-30 19:42:18,487 -views.py -15 -INFO: 调用异步接口开始.
2022-05-30 19:42:18,817 -views.py -17 -INFO: 异步接口调用结束. c9aee94a-574e-4429-9845-fa0fde89f610
2022-05-30 19:42:18,817 -views.py -17 -INFO: 异步接口调用结束. c9aee94a-574e-4429-9845-fa0fde89f610
2022-05-30 19:42:18,817 -views.py -17 -INFO: 异步接口调用结束. c9aee94a-574e-4429-9845-fa0fde89f610
2022-05-30 19:42:20,145 -views.py -15 -INFO: 调用异步接口开始.
2022-05-30 19:42:20,145 -views.py -15 -INFO: 调用异步接口开始.
2022-05-30 19:42:20,145 -views.py -15 -INFO: 调用异步接口开始.
2022-05-30 19:42:20,149 -views.py -17 -INFO: 异步接口调用结束. 2ae39208-90ff-4ae3-a78b-439442296638
2022-05-30 19:42:20,149 -views.py -17 -INFO: 异步接口调用结束. 2ae39208-90ff-4ae3-a78b-439442296638
2022-05-30 19:42:20,149 -views.py -17 -INFO: 异步接口调用结束. 2ae39208-90ff-4ae3-a78b-439442296638
2022-05-30 19:42:20,321 -views.py -15 -INFO: 调用异步接口开始.
2022-05-30 19:42:20,321 -views.py -15 -INFO: 调用异步接口开始.
2022-05-30 19:42:20,321 -views.py -15 -INFO: 调用异步接口开始.
2022-05-30 19:42:20,323 -views.py -17 -INFO: 异步接口调用结束. 7d97393b-0e7f-4ec4-849a-8c68736cb29a
2022-05-30 19:42:20,323 -views.py -17 -INFO: 异步接口调用结束. 7d97393b-0e7f-4ec4-849a-8c68736cb29a
2022-05-30 19:42:20,323 -views.py -17 -INFO: 异步接口调用结束. 7d97393b-0e7f-4ec4-849a-8c68736cb29a
2022-05-30 19:42:20,492 -views.py -15 -INFO: 调用异步接口开始.
2022-05-30 19:42:20,492 -views.py -15 -INFO: 调用异步接口开始.
2022-05-30 19:42:20,492 -views.py -15 -INFO: 调用异步接口开始.
2022-05-30 19:42:20,494 -views.py -17 -INFO: 异步接口调用结束. dff248ab-4d0b-448b-bfd8-00694ca89d7c
2022-05-30 19:42:20,494 -views.py -17 -INFO: 异步接口调用结束. dff248ab-4d0b-448b-bfd8-00694ca89d7c
2022-05-30 19:42:20,494 -views.py -17 -INFO: 异步接口调用结束. dff248ab-4d0b-448b-bfd8-00694ca89d7c
2022-05-30 19:42:20,657 -views.py -15 -INFO: 调用异步接口开始.
2022-05-30 19:42:20,657 -views.py -15 -INFO: 调用异步接口开始.
2022-05-30 19:42:20,657 -views.py -15 -INFO: 调用异步接口开始.
2022-05-30 19:42:20,659 -views.py -17 -INFO: 异步接口调用结束. 521501a0-2e00-4185-a06e-099e9fbf6113
2022-05-30 19:42:20,659 -views.py -17 -INFO: 异步接口调用结束. 521501a0-2e00-4185-a06e-099e9fbf6113
2022-05-30 19:42:20,659 -views.py -17 -INFO: 异步接口调用结束. 521501a0-2e00-4185-a06e-099e9fbf6113
2022-05-30 19:42:20,814 -views.py -15 -INFO: 调用异步接口开始.
2022-05-30 19:42:20,814 -views.py -15 -INFO: 调用异步接口开始.
2022-05-30 19:42:20,814 -views.py -15 -INFO: 调用异步接口开始.
2022-05-30 19:42:20,816 -views.py -17 -INFO: 异步接口调用结束. a3744c9e-6bd5-46fc-ad1b-6e571bd43fd9
2022-05-30 19:42:20,816 -views.py -17 -INFO: 异步接口调用结束. a3744c9e-6bd5-46fc-ad1b-6e571bd43fd9
2022-05-30 19:42:20,816 -views.py -17 -INFO: 异步接口调用结束. a3744c9e-6bd5-46fc-ad1b-6e571bd43fd9
2022-05-30 19:42:20,979 -views.py -15 -INFO: 调用异步接口开始.
2022-05-30 19:42:20,979 -views.py -15 -INFO: 调用异步接口开始.
2022-05-30 19:42:20,979 -views.py -15 -INFO: 调用异步接口开始.
2022-05-30 19:42:20,981 -views.py -17 -INFO: 异步接口调用结束. 9b447518-9783-45f8-b80f-e717b64f9761
2022-05-30 19:42:20,981 -views.py -17 -INFO: 异步接口调用结束. 9b447518-9783-45f8-b80f-e717b64f9761
2022-05-30 19:42:20,981 -views.py -17 -INFO: 异步接口调用结束. 9b447518-9783-45f8-b80f-e717b64f9761
2022-05-30 19:42:21,142 -views.py -15 -INFO: 调用异步接口开始.
2022-05-30 19:42:21,142 -views.py -15 -INFO: 调用异步接口开始.
2022-05-30 19:42:21,142 -views.py -15 -INFO: 调用异步接口开始.
2022-05-30 19:42:21,144 -views.py -17 -INFO: 异步接口调用结束. 0246e0fd-ac17-4134-a635-e54f4d7571a8
2022-05-30 19:42:21,144 -views.py -17 -INFO: 异步接口调用结束. 0246e0fd-ac17-4134-a635-e54f4d7571a8
2022-05-30 19:42:21,144 -views.py -17 -INFO: 异步接口调用结束. 0246e0fd-ac17-4134-a635-e54f4d7571a8
2022-05-30 19:42:21,307 -views.py -15 -INFO: 调用异步接口开始.
2022-05-30 19:42:21,307 -views.py -15 -INFO: 调用异步接口开始.
2022-05-30 19:42:21,307 -views.py -15 -INFO: 调用异步接口开始.
2022-05-30 19:42:21,309 -views.py -17 -INFO: 异步接口调用结束. 01c78201-eb9f-4f23-9db0-28677f60db39
2022-05-30 19:42:21,309 -views.py -17 -INFO: 异步接口调用结束. 01c78201-eb9f-4f23-9db0-28677f60db39
2022-05-30 19:42:21,309 -views.py -17 -INFO: 异步接口调用结束. 01c78201-eb9f-4f23-9db0-28677f60db39
2022-05-30 19:42:21,467 -views.py -15 -INFO: 调用异步接口开始.
2022-05-30 19:42:21,467 -views.py -15 -INFO: 调用异步接口开始.
2022-05-30 19:42:21,467 -views.py -15 -INFO: 调用异步接口开始.
2022-05-30 19:42:21,469 -views.py -17 -INFO: 异步接口调用结束. 25cc2594-a40c-402b-8cba-acefbda104fd
2022-05-30 19:42:21,469 -views.py -17 -INFO: 异步接口调用结束. 25cc2594-a40c-402b-8cba-acefbda104fd
2022-05-30 19:42:21,469 -views.py -17 -INFO: 异步接口调用结束. 25cc2594-a40c-402b-8cba-acefbda104fd
2022-05-30 19:42:21,627 -views.py -15 -INFO: 调用异步接口开始.
2022-05-30 19:42:21,627 -views.py -15 -INFO: 调用异步接口开始.
2022-05-30 19:42:21,627 -views.py -15 -INFO: 调用异步接口开始.
2022-05-30 19:42:21,629 -views.py -17 -INFO: 异步接口调用结束. 0b4b6dd4-9a69-4571-aed5-84447fbbe0e4
2022-05-30 19:42:21,629 -views.py -17 -INFO: 异步接口调用结束. 0b4b6dd4-9a69-4571-aed5-84447fbbe0e4
2022-05-30 19:42:21,629 -views.py -17 -INFO: 异步接口调用结束. 0b4b6dd4-9a69-4571-aed5-84447fbbe0e4
2022-05-30 19:42:21,789 -views.py -15 -INFO: 调用异步接口开始.
2022-05-30 19:42:21,789 -views.py -15 -INFO: 调用异步接口开始.
2022-05-30 19:42:21,789 -views.py -15 -INFO: 调用异步接口开始.
2022-05-30 19:42:21,791 -views.py -17 -INFO: 异步接口调用结束. 3e161e3a-d9eb-45c5-94cb-f282edce161e
2022-05-30 19:42:21,791 -views.py -17 -INFO: 异步接口调用结束. 3e161e3a-d9eb-45c5-94cb-f282edce161e
2022-05-30 19:42:21,791 -views.py -17 -INFO: 异步接口调用结束. 3e161e3a-d9eb-45c5-94cb-f282edce161e
2022-05-30 19:42:21,946 -views.py -15 -INFO: 调用异步接口开始.
2022-05-30 19:42:21,946 -views.py -15 -INFO: 调用异步接口开始.
2022-05-30 19:42:21,946 -views.py -15 -INFO: 调用异步接口开始.
2022-05-30 19:42:21,949 -views.py -17 -INFO: 异步接口调用结束. 6694644f-0585-4f11-98c0-cb07f0ae0661
2022-05-30 19:42:21,949 -views.py -17 -INFO: 异步接口调用结束. 6694644f-0585-4f11-98c0-cb07f0ae0661
2022-05-30 19:42:21,949 -views.py -17 -INFO: 异步接口调用结束. 6694644f-0585-4f11-98c0-cb07f0ae0661
2022-05-30 19:43:22,504 -views.py -15 -INFO: 调用异步接口开始.
2022-05-30 19:43:22,504 -views.py -15 -INFO: 调用异步接口开始.
2022-05-30 19:43:22,504 -views.py -15 -INFO: 调用异步接口开始.
2022-05-30 19:43:22,828 -views.py -17 -INFO: 异步接口调用结束. ad85667f-08a7-4fc6-92d8-8b0bb5f7d3be
2022-05-30 19:43:22,828 -views.py -17 -INFO: 异步接口调用结束. ad85667f-08a7-4fc6-92d8-8b0bb5f7d3be
2022-05-30 19:43:22,828 -views.py -17 -INFO: 异步接口调用结束. ad85667f-08a7-4fc6-92d8-8b0bb5f7d3be
2022-05-30 19:43:22,883 -views.py -15 -INFO: 调用异步接口开始.
2022-05-30 19:43:22,883 -views.py -15 -INFO: 调用异步接口开始.
2022-05-30 19:43:22,883 -views.py -15 -INFO: 调用异步接口开始.
2022-05-30 19:43:22,885 -views.py -17 -INFO: 异步接口调用结束. 11f34837-bdea-4cf6-b40a-9bdaedab81b2
2022-05-30 19:43:22,885 -views.py -17 -INFO: 异步接口调用结束. 11f34837-bdea-4cf6-b40a-9bdaedab81b2
2022-05-30 19:43:22,885 -views.py -17 -INFO: 异步接口调用结束. 11f34837-bdea-4cf6-b40a-9bdaedab81b2
2022-05-30 19:43:23,402 -views.py -15 -INFO: 调用异步接口开始.
2022-05-30 19:43:23,402 -views.py -15 -INFO: 调用异步接口开始.
2022-05-30 19:43:23,402 -views.py -15 -INFO: 调用异步接口开始.
2022-05-30 19:43:23,405 -views.py -17 -INFO: 异步接口调用结束. 5ac99d33-6b58-40a5-bd0c-d33a6a0b5d92
2022-05-30 19:43:23,405 -views.py -17 -INFO: 异步接口调用结束. 5ac99d33-6b58-40a5-bd0c-d33a6a0b5d92
2022-05-30 19:43:23,405 -views.py -17 -INFO: 异步接口调用结束. 5ac99d33-6b58-40a5-bd0c-d33a6a0b5d92
2022-05-30 19:43:23,603 -views.py -15 -INFO: 调用异步接口开始.
2022-05-30 19:43:23,603 -views.py -15 -INFO: 调用异步接口开始.
2022-05-30 19:43:23,603 -views.py -15 -INFO: 调用异步接口开始.
2022-05-30 19:43:23,605 -views.py -17 -INFO: 异步接口调用结束. 6ba94c4b-103b-4d5a-b08e-e43e8a7a0ad6
2022-05-30 19:43:23,605 -views.py -17 -INFO: 异步接口调用结束. 6ba94c4b-103b-4d5a-b08e-e43e8a7a0ad6
2022-05-30 19:43:23,605 -views.py -17 -INFO: 异步接口调用结束. 6ba94c4b-103b-4d5a-b08e-e43e8a7a0ad6
2022-05-30 19:43:23,797 -views.py -15 -INFO: 调用异步接口开始.
2022-05-30 19:43:23,797 -views.py -15 -INFO: 调用异步接口开始.
2022-05-30 19:43:23,797 -views.py -15 -INFO: 调用异步接口开始.
2022-05-30 19:43:23,799 -views.py -17 -INFO: 异步接口调用结束. afb966ca-a697-4a3a-a17f-7e47764da52e
2022-05-30 19:43:23,799 -views.py -17 -INFO: 异步接口调用结束. afb966ca-a697-4a3a-a17f-7e47764da52e
2022-05-30 19:43:23,799 -views.py -17 -INFO: 异步接口调用结束. afb966ca-a697-4a3a-a17f-7e47764da52e
2022-05-30 19:43:23,977 -views.py -15 -INFO: 调用异步接口开始.
2022-05-30 19:43:23,977 -views.py -15 -INFO: 调用异步接口开始.
2022-05-30 19:43:23,977 -views.py -15 -INFO: 调用异步接口开始.
2022-05-30 19:43:23,979 -views.py -17 -INFO: 异步接口调用结束. 6f523295-0a65-4a35-89c8-0f0be4857fef
2022-05-30 19:43:23,979 -views.py -17 -INFO: 异步接口调用结束. 6f523295-0a65-4a35-89c8-0f0be4857fef
2022-05-30 19:43:23,979 -views.py -17 -INFO: 异步接口调用结束. 6f523295-0a65-4a35-89c8-0f0be4857fef
2022-05-30 19:43:24,133 -views.py -15 -INFO: 调用异步接口开始.
2022-05-30 19:43:24,133 -views.py -15 -INFO: 调用异步接口开始.
2022-05-30 19:43:24,133 -views.py -15 -INFO: 调用异步接口开始.
2022-05-30 19:43:24,135 -views.py -17 -INFO: 异步接口调用结束. b585fa02-fe25-420c-8413-82815d326796
2022-05-30 19:43:24,135 -views.py -17 -INFO: 异步接口调用结束. b585fa02-fe25-420c-8413-82815d326796
2022-05-30 19:43:24,135 -views.py -17 -INFO: 异步接口调用结束. b585fa02-fe25-420c-8413-82815d326796
2022-05-30 19:43:24,334 -views.py -15 -INFO: 调用异步接口开始.
2022-05-30 19:43:24,334 -views.py -15 -INFO: 调用异步接口开始.
2022-05-30 19:43:24,334 -views.py -15 -INFO: 调用异步接口开始.
2022-05-30 19:43:24,336 -views.py -17 -INFO: 异步接口调用结束. 526c27da-01f5-47f8-bc10-a6ccdc589867
2022-05-30 19:43:24,336 -views.py -17 -INFO: 异步接口调用结束. 526c27da-01f5-47f8-bc10-a6ccdc589867
2022-05-30 19:43:24,336 -views.py -17 -INFO: 异步接口调用结束. 526c27da-01f5-47f8-bc10-a6ccdc589867
2022-05-30 19:43:24,518 -views.py -15 -INFO: 调用异步接口开始.
2022-05-30 19:43:24,518 -views.py -15 -INFO: 调用异步接口开始.
2022-05-30 19:43:24,518 -views.py -15 -INFO: 调用异步接口开始.
2022-05-30 19:43:24,520 -views.py -17 -INFO: 异步接口调用结束. 2a1892a0-cb1f-4031-b551-56fdae672424
2022-05-30 19:43:24,520 -views.py -17 -INFO: 异步接口调用结束. 2a1892a0-cb1f-4031-b551-56fdae672424
2022-05-30 19:43:24,520 -views.py -17 -INFO: 异步接口调用结束. 2a1892a0-cb1f-4031-b551-56fdae672424
2022-05-30 19:43:24,719 -views.py -15 -INFO: 调用异步接口开始.
2022-05-30 19:43:24,719 -views.py -15 -INFO: 调用异步接口开始.
2022-05-30 19:43:24,719 -views.py -15 -INFO: 调用异步接口开始.
2022-05-30 19:43:24,721 -views.py -17 -INFO: 异步接口调用结束. 5469a8e4-b009-4d99-ba29-7e96874930cc
2022-05-30 19:43:24,721 -views.py -17 -INFO: 异步接口调用结束. 5469a8e4-b009-4d99-ba29-7e96874930cc
2022-05-30 19:43:24,721 -views.py -17 -INFO: 异步接口调用结束. 5469a8e4-b009-4d99-ba29-7e96874930cc
2022-05-30 19:43:24,938 -views.py -15 -INFO: 调用异步接口开始.
2022-05-30 19:43:24,938 -views.py -15 -INFO: 调用异步接口开始.
2022-05-30 19:43:24,938 -views.py -15 -INFO: 调用异步接口开始.
2022-05-30 19:43:24,940 -views.py -17 -INFO: 异步接口调用结束. 1912283c-ae9c-416a-82ff-e2168452acc2
2022-05-30 19:43:24,940 -views.py -17 -INFO: 异步接口调用结束. 1912283c-ae9c-416a-82ff-e2168452acc2
2022-05-30 19:43:24,940 -views.py -17 -INFO: 异步接口调用结束. 1912283c-ae9c-416a-82ff-e2168452acc2
2022-05-30 19:43:25,139 -views.py -15 -INFO: 调用异步接口开始.
2022-05-30 19:43:25,139 -views.py -15 -INFO: 调用异步接口开始.
2022-05-30 19:43:25,139 -views.py -15 -INFO: 调用异步接口开始.
2022-05-30 19:43:25,141 -views.py -17 -INFO: 异步接口调用结束. eb7ee189-dc45-48a3-bc30-9d56be6938b6
2022-05-30 19:43:25,141 -views.py -17 -INFO: 异步接口调用结束. eb7ee189-dc45-48a3-bc30-9d56be6938b6
2022-05-30 19:43:25,141 -views.py -17 -INFO: 异步接口调用结束. eb7ee189-dc45-48a3-bc30-9d56be6938b6
2022-05-30 19:43:25,338 -views.py -15 -INFO: 调用异步接口开始.
2022-05-30 19:43:25,338 -views.py -15 -INFO: 调用异步接口开始.
2022-05-30 19:43:25,338 -views.py -15 -INFO: 调用异步接口开始.
2022-05-30 19:43:25,340 -views.py -17 -INFO: 异步接口调用结束. 0913f8d4-81aa-4bdb-b897-45d3a02e0f78
2022-05-30 19:43:25,340 -views.py -17 -INFO: 异步接口调用结束. 0913f8d4-81aa-4bdb-b897-45d3a02e0f78
2022-05-30 19:43:25,340 -views.py -17 -INFO: 异步接口调用结束. 0913f8d4-81aa-4bdb-b897-45d3a02e0f78
2022-05-30 19:43:25,551 -views.py -15 -INFO: 调用异步接口开始.
2022-05-30 19:43:25,551 -views.py -15 -INFO: 调用异步接口开始.
2022-05-30 19:43:25,551 -views.py -15 -INFO: 调用异步接口开始.
2022-05-30 19:43:25,553 -views.py -17 -INFO: 异步接口调用结束. bd7050ec-99f2-4e18-99ac-c6e24661d845
2022-05-30 19:43:25,553 -views.py -17 -INFO: 异步接口调用结束. bd7050ec-99f2-4e18-99ac-c6e24661d845
2022-05-30 19:43:25,553 -views.py -17 -INFO: 异步接口调用结束. bd7050ec-99f2-4e18-99ac-c6e24661d845
2022-05-30 19:43:25,733 -views.py -15 -INFO: 调用异步接口开始.
2022-05-30 19:43:25,733 -views.py -15 -INFO: 调用异步接口开始.
2022-05-30 19:43:25,733 -views.py -15 -INFO: 调用异步接口开始.
2022-05-30 19:43:25,736 -views.py -17 -INFO: 异步接口调用结束. ad68e2f5-f974-4b7b-bfea-22a99c7c311e
2022-05-30 19:43:25,736 -views.py -17 -INFO: 异步接口调用结束. ad68e2f5-f974-4b7b-bfea-22a99c7c311e
2022-05-30 19:43:25,736 -views.py -17 -INFO: 异步接口调用结束. ad68e2f5-f974-4b7b-bfea-22a99c7c311e
2022-05-30 19:43:25,942 -views.py -15 -INFO: 调用异步接口开始.
2022-05-30 19:43:25,942 -views.py -15 -INFO: 调用异步接口开始.
2022-05-30 19:43:25,942 -views.py -15 -INFO: 调用异步接口开始.
2022-05-30 19:43:25,945 -views.py -17 -INFO: 异步接口调用结束. bb907bc2-5bba-44e6-89f3-cbb99cd64249
2022-05-30 19:43:25,945 -views.py -17 -INFO: 异步接口调用结束. bb907bc2-5bba-44e6-89f3-cbb99cd64249
2022-05-30 19:43:25,945 -views.py -17 -INFO: 异步接口调用结束. bb907bc2-5bba-44e6-89f3-cbb99cd64249
2022-05-30 19:43:26,124 -views.py -15 -INFO: 调用异步接口开始.
2022-05-30 19:43:26,124 -views.py -15 -INFO: 调用异步接口开始.
2022-05-30 19:43:26,124 -views.py -15 -INFO: 调用异步接口开始.
2022-05-30 19:43:26,126 -views.py -17 -INFO: 异步接口调用结束. 6b9a4ce3-f921-4058-92d0-3b799307d6dc
2022-05-30 19:43:26,126 -views.py -17 -INFO: 异步接口调用结束. 6b9a4ce3-f921-4058-92d0-3b799307d6dc
2022-05-30 19:43:26,126 -views.py -17 -INFO: 异步接口调用结束. 6b9a4ce3-f921-4058-92d0-3b799307d6dc
2022-05-30 19:43:26,337 -views.py -15 -INFO: 调用异步接口开始.
2022-05-30 19:43:26,337 -views.py -15 -INFO: 调用异步接口开始.
2022-05-30 19:43:26,337 -views.py -15 -INFO: 调用异步接口开始.
2022-05-30 19:43:26,340 -views.py -17 -INFO: 异步接口调用结束. 24b6c2d9-aafd-45fa-9b2d-f5f837664a3b
2022-05-30 19:43:26,340 -views.py -17 -INFO: 异步接口调用结束. 24b6c2d9-aafd-45fa-9b2d-f5f837664a3b
2022-05-30 19:43:26,340 -views.py -17 -INFO: 异步接口调用结束. 24b6c2d9-aafd-45fa-9b2d-f5f837664a3b
2022-05-30 19:43:26,515 -views.py -15 -INFO: 调用异步接口开始.
2022-05-30 19:43:26,515 -views.py -15 -INFO: 调用异步接口开始.
2022-05-30 19:43:26,515 -views.py -15 -INFO: 调用异步接口开始.
2022-05-30 19:43:26,517 -views.py -17 -INFO: 异步接口调用结束. 72d7e2ad-8790-4244-bf3b-caf59a6aa008
2022-05-30 19:43:26,517 -views.py -17 -INFO: 异步接口调用结束. 72d7e2ad-8790-4244-bf3b-caf59a6aa008
2022-05-30 19:43:26,517 -views.py -17 -INFO: 异步接口调用结束. 72d7e2ad-8790-4244-bf3b-caf59a6aa008
2022-05-30 19:43:26,727 -views.py -15 -INFO: 调用异步接口开始.
2022-05-30 19:43:26,727 -views.py -15 -INFO: 调用异步接口开始.
2022-05-30 19:43:26,727 -views.py -15 -INFO: 调用异步接口开始.
2022-05-30 19:43:26,729 -views.py -17 -INFO: 异步接口调用结束. 04fdb4ec-b633-43c2-af3f-94ff63e03ac7
2022-05-30 19:43:26,729 -views.py -17 -INFO: 异步接口调用结束. 04fdb4ec-b633-43c2-af3f-94ff63e03ac7
2022-05-30 19:43:26,729 -views.py -17 -INFO: 异步接口调用结束. 04fdb4ec-b633-43c2-af3f-94ff63e03ac7
2022-05-30 19:43:26,922 -views.py -15 -INFO: 调用异步接口开始.
2022-05-30 19:43:26,922 -views.py -15 -INFO: 调用异步接口开始.
2022-05-30 19:43:26,922 -views.py -15 -INFO: 调用异步接口开始.
2022-05-30 19:43:26,924 -views.py -17 -INFO: 异步接口调用结束. c98ef603-fc91-4168-af3a-3e760adeb572
2022-05-30 19:43:26,924 -views.py -17 -INFO: 异步接口调用结束. c98ef603-fc91-4168-af3a-3e760adeb572
2022-05-30 19:43:26,924 -views.py -17 -INFO: 异步接口调用结束. c98ef603-fc91-4168-af3a-3e760adeb572
2022-05-30 19:43:27,083 -views.py -15 -INFO: 调用异步接口开始.
2022-05-30 19:43:27,083 -views.py -15 -INFO: 调用异步接口开始.
2022-05-30 19:43:27,083 -views.py -15 -INFO: 调用异步接口开始.
2022-05-30 19:43:27,085 -views.py -17 -INFO: 异步接口调用结束. 2976ee48-8c7f-42fa-9b4b-a0ae0862a877
2022-05-30 19:43:27,085 -views.py -17 -INFO: 异步接口调用结束. 2976ee48-8c7f-42fa-9b4b-a0ae0862a877
2022-05-30 19:43:27,085 -views.py -17 -INFO: 异步接口调用结束. 2976ee48-8c7f-42fa-9b4b-a0ae0862a877
2022-05-30 19:43:27,265 -views.py -15 -INFO: 调用异步接口开始.
2022-05-30 19:43:27,265 -views.py -15 -INFO: 调用异步接口开始.
2022-05-30 19:43:27,265 -views.py -15 -INFO: 调用异步接口开始.
2022-05-30 19:43:27,267 -views.py -17 -INFO: 异步接口调用结束. c752d65f-6fab-4c54-a41a-486b1b1e8702
2022-05-30 19:43:27,267 -views.py -17 -INFO: 异步接口调用结束. c752d65f-6fab-4c54-a41a-486b1b1e8702
2022-05-30 19:43:27,267 -views.py -17 -INFO: 异步接口调用结束. c752d65f-6fab-4c54-a41a-486b1b1e8702
2022-05-30 19:43:27,454 -views.py -15 -INFO: 调用异步接口开始.
2022-05-30 19:43:27,454 -views.py -15 -INFO: 调用异步接口开始.
2022-05-30 19:43:27,454 -views.py -15 -INFO: 调用异步接口开始.
2022-05-30 19:43:27,456 -views.py -17 -INFO: 异步接口调用结束. 6908fab6-fd0f-4ffb-87fb-9004ccfb4cd7
2022-05-30 19:43:27,456 -views.py -17 -INFO: 异步接口调用结束. 6908fab6-fd0f-4ffb-87fb-9004ccfb4cd7
2022-05-30 19:43:27,456 -views.py -17 -INFO: 异步接口调用结束. 6908fab6-fd0f-4ffb-87fb-9004ccfb4cd7
2022-05-30 19:43:27,643 -views.py -15 -INFO: 调用异步接口开始.
2022-05-30 19:43:27,643 -views.py -15 -INFO: 调用异步接口开始.
2022-05-30 19:43:27,643 -views.py -15 -INFO: 调用异步接口开始.
2022-05-30 19:43:27,645 -views.py -17 -INFO: 异步接口调用结束. b9950928-fa80-4897-b3bc-93cebb2fb752
2022-05-30 19:43:27,645 -views.py -17 -INFO: 异步接口调用结束. b9950928-fa80-4897-b3bc-93cebb2fb752
2022-05-30 19:43:27,645 -views.py -17 -INFO: 异步接口调用结束. b9950928-fa80-4897-b3bc-93cebb2fb752
2022-05-30 19:43:27,838 -views.py -15 -INFO: 调用异步接口开始.
2022-05-30 19:43:27,838 -views.py -15 -INFO: 调用异步接口开始.
2022-05-30 19:43:27,838 -views.py -15 -INFO: 调用异步接口开始.
2022-05-30 19:43:27,840 -views.py -17 -INFO: 异步接口调用结束. b499014d-79e8-40f7-a224-dd299bad1519
2022-05-30 19:43:27,840 -views.py -17 -INFO: 异步接口调用结束. b499014d-79e8-40f7-a224-dd299bad1519
2022-05-30 19:43:27,840 -views.py -17 -INFO: 异步接口调用结束. b499014d-79e8-40f7-a224-dd299bad1519
2022-05-30 19:43:28,030 -views.py -15 -INFO: 调用异步接口开始.
2022-05-30 19:43:28,030 -views.py -15 -INFO: 调用异步接口开始.
2022-05-30 19:43:28,030 -views.py -15 -INFO: 调用异步接口开始.
2022-05-30 19:43:28,032 -views.py -17 -INFO: 异步接口调用结束. 078ddb1c-5b90-4874-a523-03668d965c41
2022-05-30 19:43:28,032 -views.py -17 -INFO: 异步接口调用结束. 078ddb1c-5b90-4874-a523-03668d965c41
2022-05-30 19:43:28,032 -views.py -17 -INFO: 异步接口调用结束. 078ddb1c-5b90-4874-a523-03668d965c41
2022-05-30 19:43:28,219 -views.py -15 -INFO: 调用异步接口开始.
2022-05-30 19:43:28,219 -views.py -15 -INFO: 调用异步接口开始.
2022-05-30 19:43:28,219 -views.py -15 -INFO: 调用异步接口开始.
2022-05-30 19:43:28,221 -views.py -17 -INFO: 异步接口调用结束. 49131aac-b44c-4da7-907c-e97d3366756d
2022-05-30 19:43:28,221 -views.py -17 -INFO: 异步接口调用结束. 49131aac-b44c-4da7-907c-e97d3366756d
2022-05-30 19:43:28,221 -views.py -17 -INFO: 异步接口调用结束. 49131aac-b44c-4da7-907c-e97d3366756d
2022-05-30 19:43:28,405 -views.py -15 -INFO: 调用异步接口开始.
2022-05-30 19:43:28,405 -views.py -15 -INFO: 调用异步接口开始.
2022-05-30 19:43:28,405 -views.py -15 -INFO: 调用异步接口开始.
2022-05-30 19:43:28,407 -views.py -17 -INFO: 异步接口调用结束. 5a4d5cf9-b468-4513-a7fa-834103c395fd
2022-05-30 19:43:28,407 -views.py -17 -INFO: 异步接口调用结束. 5a4d5cf9-b468-4513-a7fa-834103c395fd
2022-05-30 19:43:28,407 -views.py -17 -INFO: 异步接口调用结束. 5a4d5cf9-b468-4513-a7fa-834103c395fd
2022-05-30 19:43:28,605 -views.py -15 -INFO: 调用异步接口开始.
2022-05-30 19:43:28,605 -views.py -15 -INFO: 调用异步接口开始.
2022-05-30 19:43:28,605 -views.py -15 -INFO: 调用异步接口开始.
2022-05-30 19:43:28,607 -views.py -17 -INFO: 异步接口调用结束. dfc2364c-4f4b-4aad-9257-c4debfa6d277
2022-05-30 19:43:28,607 -views.py -17 -INFO: 异步接口调用结束. dfc2364c-4f4b-4aad-9257-c4debfa6d277
2022-05-30 19:43:28,607 -views.py -17 -INFO: 异步接口调用结束. dfc2364c-4f4b-4aad-9257-c4debfa6d277
2022-05-30 19:43:28,796 -views.py -15 -INFO: 调用异步接口开始.
2022-05-30 19:43:28,796 -views.py -15 -INFO: 调用异步接口开始.
2022-05-30 19:43:28,796 -views.py -15 -INFO: 调用异步接口开始.
2022-05-30 19:43:28,798 -views.py -17 -INFO: 异步接口调用结束. 0197b2c2-5a20-4f14-bb27-86a9687424e5
2022-05-30 19:43:28,798 -views.py -17 -INFO: 异步接口调用结束. 0197b2c2-5a20-4f14-bb27-86a9687424e5
2022-05-30 19:43:28,798 -views.py -17 -INFO: 异步接口调用结束. 0197b2c2-5a20-4f14-bb27-86a9687424e5
2022-05-30 19:43:28,973 -views.py -15 -INFO: 调用异步接口开始.
2022-05-30 19:43:28,973 -views.py -15 -INFO: 调用异步接口开始.
2022-05-30 19:43:28,973 -views.py -15 -INFO: 调用异步接口开始.
2022-05-30 19:43:28,976 -views.py -17 -INFO: 异步接口调用结束. 513c0f6c-d33a-467c-a6ad-7d5e5051d096
2022-05-30 19:43:28,976 -views.py -17 -INFO: 异步接口调用结束. 513c0f6c-d33a-467c-a6ad-7d5e5051d096
2022-05-30 19:43:28,976 -views.py -17 -INFO: 异步接口调用结束. 513c0f6c-d33a-467c-a6ad-7d5e5051d096
2022-05-30 19:44:14,876 -views.py -15 -INFO: 调用异步接口开始.
2022-05-30 19:44:14,876 -views.py -15 -INFO: 调用异步接口开始.
2022-05-30 19:44:14,876 -views.py -15 -INFO: 调用异步接口开始.
2022-05-30 19:44:14,880 -views.py -17 -INFO: 异步接口调用结束. 49ae0842-ab8d-48dd-9955-a1b12ee73f32
2022-05-30 19:44:14,880 -views.py -17 -INFO: 异步接口调用结束. 49ae0842-ab8d-48dd-9955-a1b12ee73f32
2022-05-30 19:44:14,880 -views.py -17 -INFO: 异步接口调用结束. 49ae0842-ab8d-48dd-9955-a1b12ee73f32
2022-05-30 19:44:15,045 -views.py -15 -INFO: 调用异步接口开始.
2022-05-30 19:44:15,045 -views.py -15 -INFO: 调用异步接口开始.
2022-05-30 19:44:15,045 -views.py -15 -INFO: 调用异步接口开始.
2022-05-30 19:44:15,046 -views.py -17 -INFO: 异步接口调用结束. 6511ec0f-49fb-49dd-832a-73cd1fb896f0
2022-05-30 19:44:15,046 -views.py -17 -INFO: 异步接口调用结束. 6511ec0f-49fb-49dd-832a-73cd1fb896f0
2022-05-30 19:44:15,046 -views.py -17 -INFO: 异步接口调用结束. 6511ec0f-49fb-49dd-832a-73cd1fb896f0
2022-05-30 19:44:15,210 -views.py -15 -INFO: 调用异步接口开始.
2022-05-30 19:44:15,210 -views.py -15 -INFO: 调用异步接口开始.
2022-05-30 19:44:15,210 -views.py -15 -INFO: 调用异步接口开始.
2022-05-30 19:44:15,212 -views.py -17 -INFO: 异步接口调用结束. 6f0b631f-5494-4711-acf5-be3eb18ac0b6
2022-05-30 19:44:15,212 -views.py -17 -INFO: 异步接口调用结束. 6f0b631f-5494-4711-acf5-be3eb18ac0b6
2022-05-30 19:44:15,212 -views.py -17 -INFO: 异步接口调用结束. 6f0b631f-5494-4711-acf5-be3eb18ac0b6
2022-05-30 19:44:15,366 -views.py -15 -INFO: 调用异步接口开始.
2022-05-30 19:44:15,366 -views.py -15 -INFO: 调用异步接口开始.
2022-05-30 19:44:15,366 -views.py -15 -INFO: 调用异步接口开始.
2022-05-30 19:44:15,367 -views.py -17 -INFO: 异步接口调用结束. 5cde9d41-94eb-48e8-82c8-88b44d11ad39
2022-05-30 19:44:15,367 -views.py -17 -INFO: 异步接口调用结束. 5cde9d41-94eb-48e8-82c8-88b44d11ad39
2022-05-30 19:44:15,367 -views.py -17 -INFO: 异步接口调用结束. 5cde9d41-94eb-48e8-82c8-88b44d11ad39
2022-05-30 19:44:15,521 -views.py -15 -INFO: 调用异步接口开始.
2022-05-30 19:44:15,521 -views.py -15 -INFO: 调用异步接口开始.
2022-05-30 19:44:15,521 -views.py -15 -INFO: 调用异步接口开始.
2022-05-30 19:44:15,524 -views.py -17 -INFO: 异步接口调用结束. cbf0362f-78dc-41aa-995b-190910c7dae2
2022-05-30 19:44:15,524 -views.py -17 -INFO: 异步接口调用结束. cbf0362f-78dc-41aa-995b-190910c7dae2
2022-05-30 19:44:15,524 -views.py -17 -INFO: 异步接口调用结束. cbf0362f-78dc-41aa-995b-190910c7dae2
2022-05-30 19:44:15,673 -views.py -15 -INFO: 调用异步接口开始.
2022-05-30 19:44:15,673 -views.py -15 -INFO: 调用异步接口开始.
2022-05-30 19:44:15,673 -views.py -15 -INFO: 调用异步接口开始.
2022-05-30 19:44:15,675 -views.py -17 -INFO: 异步接口调用结束. aeb2365e-c9bc-4b85-bfce-9acad2b33996
2022-05-30 19:44:15,675 -views.py -17 -INFO: 异步接口调用结束. aeb2365e-c9bc-4b85-bfce-9acad2b33996
2022-05-30 19:44:15,675 -views.py -17 -INFO: 异步接口调用结束. aeb2365e-c9bc-4b85-bfce-9acad2b33996
2022-05-30 19:44:15,823 -views.py -15 -INFO: 调用异步接口开始.
2022-05-30 19:44:15,823 -views.py -15 -INFO: 调用异步接口开始.
2022-05-30 19:44:15,823 -views.py -15 -INFO: 调用异步接口开始.
2022-05-30 19:44:15,826 -views.py -17 -INFO: 异步接口调用结束. 03940e85-a631-49d7-ab05-8c3f01f45497
2022-05-30 19:44:15,826 -views.py -17 -INFO: 异步接口调用结束. 03940e85-a631-49d7-ab05-8c3f01f45497
2022-05-30 19:44:15,826 -views.py -17 -INFO: 异步接口调用结束. 03940e85-a631-49d7-ab05-8c3f01f45497
2022-05-30 19:44:15,992 -views.py -15 -INFO: 调用异步接口开始.
2022-05-30 19:44:15,992 -views.py -15 -INFO: 调用异步接口开始.
2022-05-30 19:44:15,992 -views.py -15 -INFO: 调用异步接口开始.
2022-05-30 19:44:15,994 -views.py -17 -INFO: 异步接口调用结束. b933b0a6-6566-49b0-9cd1-8bc686647673
2022-05-30 19:44:15,994 -views.py -17 -INFO: 异步接口调用结束. b933b0a6-6566-49b0-9cd1-8bc686647673
2022-05-30 19:44:15,994 -views.py -17 -INFO: 异步接口调用结束. b933b0a6-6566-49b0-9cd1-8bc686647673
2022-05-30 19:44:16,147 -views.py -15 -INFO: 调用异步接口开始.
2022-05-30 19:44:16,147 -views.py -15 -INFO: 调用异步接口开始.
2022-05-30 19:44:16,147 -views.py -15 -INFO: 调用异步接口开始.
2022-05-30 19:44:16,149 -views.py -17 -INFO: 异步接口调用结束. 3c57cc15-590b-41ae-a63d-4be1b5459dac
2022-05-30 19:44:16,149 -views.py -17 -INFO: 异步接口调用结束. 3c57cc15-590b-41ae-a63d-4be1b5459dac
2022-05-30 19:44:16,149 -views.py -17 -INFO: 异步接口调用结束. 3c57cc15-590b-41ae-a63d-4be1b5459dac
2022-05-30 19:44:16,310 -views.py -15 -INFO: 调用异步接口开始.
2022-05-30 19:44:16,310 -views.py -15 -INFO: 调用异步接口开始.
2022-05-30 19:44:16,310 -views.py -15 -INFO: 调用异步接口开始.
2022-05-30 19:44:16,313 -views.py -17 -INFO: 异步接口调用结束. df07ca40-94a2-4e03-bc28-92d4072d860e
2022-05-30 19:44:16,313 -views.py -17 -INFO: 异步接口调用结束. df07ca40-94a2-4e03-bc28-92d4072d860e
2022-05-30 19:44:16,313 -views.py -17 -INFO: 异步接口调用结束. df07ca40-94a2-4e03-bc28-92d4072d860e
2022-05-30 19:44:16,472 -views.py -15 -INFO: 调用异步接口开始.
2022-05-30 19:44:16,472 -views.py -15 -INFO: 调用异步接口开始.
2022-05-30 19:44:16,472 -views.py -15 -INFO: 调用异步接口开始.
2022-05-30 19:44:16,474 -views.py -17 -INFO: 异步接口调用结束. 8703ff0d-7a27-41bb-922e-69323f5574d5
2022-05-30 19:44:16,474 -views.py -17 -INFO: 异步接口调用结束. 8703ff0d-7a27-41bb-922e-69323f5574d5
2022-05-30 19:44:16,474 -views.py -17 -INFO: 异步接口调用结束. 8703ff0d-7a27-41bb-922e-69323f5574d5
2022-05-30 19:44:16,628 -views.py -15 -INFO: 调用异步接口开始.
2022-05-30 19:44:16,628 -views.py -15 -INFO: 调用异步接口开始.
2022-05-30 19:44:16,628 -views.py -15 -INFO: 调用异步接口开始.
2022-05-30 19:44:16,631 -views.py -17 -INFO: 异步接口调用结束. aa998c48-7a03-4545-b507-61ac93574c77
2022-05-30 19:44:16,631 -views.py -17 -INFO: 异步接口调用结束. aa998c48-7a03-4545-b507-61ac93574c77
2022-05-30 19:44:16,631 -views.py -17 -INFO: 异步接口调用结束. aa998c48-7a03-4545-b507-61ac93574c77
2022-05-30 19:44:16,786 -views.py -15 -INFO: 调用异步接口开始.
2022-05-30 19:44:16,786 -views.py -15 -INFO: 调用异步接口开始.
2022-05-30 19:44:16,786 -views.py -15 -INFO: 调用异步接口开始.
2022-05-30 19:44:16,789 -views.py -17 -INFO: 异步接口调用结束. 809403c1-ae6e-4788-9b37-35a61294af65
2022-05-30 19:44:16,789 -views.py -17 -INFO: 异步接口调用结束. 809403c1-ae6e-4788-9b37-35a61294af65
2022-05-30 19:44:16,789 -views.py -17 -INFO: 异步接口调用结束. 809403c1-ae6e-4788-9b37-35a61294af65
2022-05-30 19:44:16,955 -views.py -15 -INFO: 调用异步接口开始.
2022-05-30 19:44:16,955 -views.py -15 -INFO: 调用异步接口开始.
2022-05-30 19:44:16,955 -views.py -15 -INFO: 调用异步接口开始.
2022-05-30 19:44:16,957 -views.py -17 -INFO: 异步接口调用结束. b47a20cc-3cc8-47ed-af2e-8f9b1198eb72
2022-05-30 19:44:16,957 -views.py -17 -INFO: 异步接口调用结束. b47a20cc-3cc8-47ed-af2e-8f9b1198eb72
2022-05-30 19:44:16,957 -views.py -17 -INFO: 异步接口调用结束. b47a20cc-3cc8-47ed-af2e-8f9b1198eb72
2022-05-30 19:44:17,682 -views.py -15 -INFO: 调用异步接口开始.
2022-05-30 19:44:17,682 -views.py -15 -INFO: 调用异步接口开始.
2022-05-30 19:44:17,682 -views.py -15 -INFO: 调用异步接口开始.
2022-05-30 19:44:17,686 -views.py -17 -INFO: 异步接口调用结束. 2d30b95a-0e70-4560-b131-0a7ecb75227d
2022-05-30 19:44:17,686 -views.py -17 -INFO: 异步接口调用结束. 2d30b95a-0e70-4560-b131-0a7ecb75227d
2022-05-30 19:44:17,686 -views.py -17 -INFO: 异步接口调用结束. 2d30b95a-0e70-4560-b131-0a7ecb75227d
2022-05-30 19:44:17,942 -views.py -15 -INFO: 调用异步接口开始.
2022-05-30 19:44:17,942 -views.py -15 -INFO: 调用异步接口开始.
2022-05-30 19:44:17,942 -views.py -15 -INFO: 调用异步接口开始.
2022-05-30 19:44:17,944 -views.py -17 -INFO: 异步接口调用结束. fdb2420b-d5bf-4276-aafe-b1186cc5b79a
2022-05-30 19:44:17,944 -views.py -17 -INFO: 异步接口调用结束. fdb2420b-d5bf-4276-aafe-b1186cc5b79a
2022-05-30 19:44:17,944 -views.py -17 -INFO: 异步接口调用结束. fdb2420b-d5bf-4276-aafe-b1186cc5b79a
2022-05-30 19:44:18,126 -views.py -15 -INFO: 调用异步接口开始.
2022-05-30 19:44:18,126 -views.py -15 -INFO: 调用异步接口开始.
2022-05-30 19:44:18,126 -views.py -15 -INFO: 调用异步接口开始.
2022-05-30 19:44:18,129 -views.py -17 -INFO: 异步接口调用结束. 53d84ac0-9e2a-4723-aa64-65eb69bc9c24
2022-05-30 19:44:18,129 -views.py -17 -INFO: 异步接口调用结束. 53d84ac0-9e2a-4723-aa64-65eb69bc9c24
2022-05-30 19:44:18,129 -views.py -17 -INFO: 异步接口调用结束. 53d84ac0-9e2a-4723-aa64-65eb69bc9c24
2022-05-30 19:44:21,041 -views.py -15 -INFO: 调用异步接口开始.
2022-05-30 19:44:21,041 -views.py -15 -INFO: 调用异步接口开始.
2022-05-30 19:44:21,041 -views.py -15 -INFO: 调用异步接口开始.
2022-05-30 19:44:21,174 -views.py -15 -INFO: 调用异步接口开始.
2022-05-30 19:44:21,174 -views.py -15 -INFO: 调用异步接口开始.
2022-05-30 19:44:21,174 -views.py -15 -INFO: 调用异步接口开始.
2022-05-30 19:44:21,178 -views.py -17 -INFO: 异步接口调用结束. b427c319-5c3e-403a-8655-a454160c399e
2022-05-30 19:44:21,178 -views.py -17 -INFO: 异步接口调用结束. b427c319-5c3e-403a-8655-a454160c399e
2022-05-30 19:44:21,178 -views.py -17 -INFO: 异步接口调用结束. b427c319-5c3e-403a-8655-a454160c399e
2022-05-30 19:44:21,328 -views.py -15 -INFO: 调用异步接口开始.
2022-05-30 19:44:21,328 -views.py -15 -INFO: 调用异步接口开始.
2022-05-30 19:44:21,328 -views.py -15 -INFO: 调用异步接口开始.
2022-05-30 19:44:21,331 -views.py -17 -INFO: 异步接口调用结束. e0c5f619-4094-4501-b282-679118e79411
2022-05-30 19:44:21,331 -views.py -17 -INFO: 异步接口调用结束. e0c5f619-4094-4501-b282-679118e79411
2022-05-30 19:44:21,331 -views.py -17 -INFO: 异步接口调用结束. e0c5f619-4094-4501-b282-679118e79411
2022-05-30 19:44:21,351 -views.py -17 -INFO: 异步接口调用结束. e48e2a64-b8bd-4d06-98e0-3fcb716e319c
2022-05-30 19:44:21,351 -views.py -17 -INFO: 异步接口调用结束. e48e2a64-b8bd-4d06-98e0-3fcb716e319c
2022-05-30 19:44:21,351 -views.py -17 -INFO: 异步接口调用结束. e48e2a64-b8bd-4d06-98e0-3fcb716e319c
2022-05-30 19:44:21,485 -views.py -15 -INFO: 调用异步接口开始.
2022-05-30 19:44:21,485 -views.py -15 -INFO: 调用异步接口开始.
2022-05-30 19:44:21,485 -views.py -15 -INFO: 调用异步接口开始.
2022-05-30 19:44:21,487 -views.py -17 -INFO: 异步接口调用结束. 17172e3e-b017-42ba-b35c-b8d3be2924cf
2022-05-30 19:44:21,487 -views.py -17 -INFO: 异步接口调用结束. 17172e3e-b017-42ba-b35c-b8d3be2924cf
2022-05-30 19:44:21,487 -views.py -17 -INFO: 异步接口调用结束. 17172e3e-b017-42ba-b35c-b8d3be2924cf
2022-05-30 19:44:21,643 -views.py -15 -INFO: 调用异步接口开始.
2022-05-30 19:44:21,643 -views.py -15 -INFO: 调用异步接口开始.
2022-05-30 19:44:21,643 -views.py -15 -INFO: 调用异步接口开始.
2022-05-30 19:44:21,646 -views.py -17 -INFO: 异步接口调用结束. 40579eaa-fd52-4e9c-8031-5a22faa2fa81
2022-05-30 19:44:21,646 -views.py -17 -INFO: 异步接口调用结束. 40579eaa-fd52-4e9c-8031-5a22faa2fa81
2022-05-30 19:44:21,646 -views.py -17 -INFO: 异步接口调用结束. 40579eaa-fd52-4e9c-8031-5a22faa2fa81
2022-05-30 19:44:21,808 -views.py -15 -INFO: 调用异步接口开始.
2022-05-30 19:44:21,808 -views.py -15 -INFO: 调用异步接口开始.
2022-05-30 19:44:21,808 -views.py -15 -INFO: 调用异步接口开始.
2022-05-30 19:44:21,810 -views.py -17 -INFO: 异步接口调用结束. d6eac68e-632b-468b-aebc-d2b52829dd5f
2022-05-30 19:44:21,810 -views.py -17 -INFO: 异步接口调用结束. d6eac68e-632b-468b-aebc-d2b52829dd5f
2022-05-30 19:44:21,810 -views.py -17 -INFO: 异步接口调用结束. d6eac68e-632b-468b-aebc-d2b52829dd5f
2022-05-30 19:44:21,959 -views.py -15 -INFO: 调用异步接口开始.
2022-05-30 19:44:21,959 -views.py -15 -INFO: 调用异步接口开始.
2022-05-30 19:44:21,959 -views.py -15 -INFO: 调用异步接口开始.
2022-05-30 19:44:21,961 -views.py -17 -INFO: 异步接口调用结束. 188c66e2-a785-400c-961b-8ce218c0397e
2022-05-30 19:44:21,961 -views.py -17 -INFO: 异步接口调用结束. 188c66e2-a785-400c-961b-8ce218c0397e
2022-05-30 19:44:21,961 -views.py -17 -INFO: 异步接口调用结束. 188c66e2-a785-400c-961b-8ce218c0397e
2022-05-30 19:44:22,137 -views.py -15 -INFO: 调用异步接口开始.
2022-05-30 19:44:22,137 -views.py -15 -INFO: 调用异步接口开始.
2022-05-30 19:44:22,137 -views.py -15 -INFO: 调用异步接口开始.
2022-05-30 19:44:22,139 -views.py -17 -INFO: 异步接口调用结束. 87595d51-4194-4d6c-b408-2ac0f7063f64
2022-05-30 19:44:22,139 -views.py -17 -INFO: 异步接口调用结束. 87595d51-4194-4d6c-b408-2ac0f7063f64
2022-05-30 19:44:22,139 -views.py -17 -INFO: 异步接口调用结束. 87595d51-4194-4d6c-b408-2ac0f7063f64
2022-05-30 19:44:22,299 -views.py -15 -INFO: 调用异步接口开始.
2022-05-30 19:44:22,299 -views.py -15 -INFO: 调用异步接口开始.
2022-05-30 19:44:22,299 -views.py -15 -INFO: 调用异步接口开始.
2022-05-30 19:44:22,301 -views.py -17 -INFO: 异步接口调用结束. bb87ad9a-c1a2-4129-8e22-da9f95e8a854
2022-05-30 19:44:22,301 -views.py -17 -INFO: 异步接口调用结束. bb87ad9a-c1a2-4129-8e22-da9f95e8a854
2022-05-30 19:44:22,301 -views.py -17 -INFO: 异步接口调用结束. bb87ad9a-c1a2-4129-8e22-da9f95e8a854
2022-05-30 19:44:22,466 -views.py -15 -INFO: 调用异步接口开始.
2022-05-30 19:44:22,466 -views.py -15 -INFO: 调用异步接口开始.
2022-05-30 19:44:22,466 -views.py -15 -INFO: 调用异步接口开始.
2022-05-30 19:44:22,468 -views.py -17 -INFO: 异步接口调用结束. dbb5ff59-9d6c-4a75-9a21-33fdc9836742
2022-05-30 19:44:22,468 -views.py -17 -INFO: 异步接口调用结束. dbb5ff59-9d6c-4a75-9a21-33fdc9836742
2022-05-30 19:44:22,468 -views.py -17 -INFO: 异步接口调用结束. dbb5ff59-9d6c-4a75-9a21-33fdc9836742
2022-05-30 19:44:22,621 -views.py -15 -INFO: 调用异步接口开始.
2022-05-30 19:44:22,621 -views.py -15 -INFO: 调用异步接口开始.
2022-05-30 19:44:22,621 -views.py -15 -INFO: 调用异步接口开始.
2022-05-30 19:44:22,623 -views.py -17 -INFO: 异步接口调用结束. f164cff1-427e-46e1-a168-d5280a3910e7
2022-05-30 19:44:22,623 -views.py -17 -INFO: 异步接口调用结束. f164cff1-427e-46e1-a168-d5280a3910e7
2022-05-30 19:44:22,623 -views.py -17 -INFO: 异步接口调用结束. f164cff1-427e-46e1-a168-d5280a3910e7
2022-05-30 19:44:40,412 -views.py -15 -INFO: 调用异步接口开始.
2022-05-30 19:44:40,412 -views.py -15 -INFO: 调用异步接口开始.
2022-05-30 19:44:40,412 -views.py -15 -INFO: 调用异步接口开始.
2022-05-30 19:44:40,415 -views.py -17 -INFO: 异步接口调用结束. 9085c388-9cfc-454b-89f7-4c1015619fae
2022-05-30 19:44:40,415 -views.py -17 -INFO: 异步接口调用结束. 9085c388-9cfc-454b-89f7-4c1015619fae
2022-05-30 19:44:40,415 -views.py -17 -INFO: 异步接口调用结束. 9085c388-9cfc-454b-89f7-4c1015619fae
2022-05-30 19:44:40,617 -views.py -15 -INFO: 调用异步接口开始.
2022-05-30 19:44:40,617 -views.py -15 -INFO: 调用异步接口开始.
2022-05-30 19:44:40,617 -views.py -15 -INFO: 调用异步接口开始.
2022-05-30 19:44:40,620 -views.py -17 -INFO: 异步接口调用结束. 40195940-e6f3-438e-8ca7-f68416519f46
2022-05-30 19:44:40,620 -views.py -17 -INFO: 异步接口调用结束. 40195940-e6f3-438e-8ca7-f68416519f46
2022-05-30 19:44:40,620 -views.py -17 -INFO: 异步接口调用结束. 40195940-e6f3-438e-8ca7-f68416519f46
2022-05-30 19:44:40,796 -views.py -15 -INFO: 调用异步接口开始.
2022-05-30 19:44:40,796 -views.py -15 -INFO: 调用异步接口开始.
2022-05-30 19:44:40,796 -views.py -15 -INFO: 调用异步接口开始.
2022-05-30 19:44:40,798 -views.py -17 -INFO: 异步接口调用结束. da9a1876-e518-43bb-b9b1-ead39eee0622
2022-05-30 19:44:40,798 -views.py -17 -INFO: 异步接口调用结束. da9a1876-e518-43bb-b9b1-ead39eee0622
2022-05-30 19:44:40,798 -views.py -17 -INFO: 异步接口调用结束. da9a1876-e518-43bb-b9b1-ead39eee0622
2022-05-30 19:44:40,939 -views.py -15 -INFO: 调用异步接口开始.
2022-05-30 19:44:40,939 -views.py -15 -INFO: 调用异步接口开始.
2022-05-30 19:44:40,939 -views.py -15 -INFO: 调用异步接口开始.
2022-05-30 19:44:40,942 -views.py -17 -INFO: 异步接口调用结束. 384d3662-5394-4406-8757-436898a65a8d
2022-05-30 19:44:40,942 -views.py -17 -INFO: 异步接口调用结束. 384d3662-5394-4406-8757-436898a65a8d
2022-05-30 19:44:40,942 -views.py -17 -INFO: 异步接口调用结束. 384d3662-5394-4406-8757-436898a65a8d
2022-05-30 19:44:41,092 -views.py -15 -INFO: 调用异步接口开始.
2022-05-30 19:44:41,092 -views.py -15 -INFO: 调用异步接口开始.
2022-05-30 19:44:41,092 -views.py -15 -INFO: 调用异步接口开始.
2022-05-30 19:44:41,094 -views.py -17 -INFO: 异步接口调用结束. 833cdc99-78b5-45e6-9be8-18825b431e76
2022-05-30 19:44:41,094 -views.py -17 -INFO: 异步接口调用结束. 833cdc99-78b5-45e6-9be8-18825b431e76
2022-05-30 19:44:41,094 -views.py -17 -INFO: 异步接口调用结束. 833cdc99-78b5-45e6-9be8-18825b431e76
2022-05-30 19:44:41,287 -views.py -15 -INFO: 调用异步接口开始.
2022-05-30 19:44:41,287 -views.py -15 -INFO: 调用异步接口开始.
2022-05-30 19:44:41,287 -views.py -15 -INFO: 调用异步接口开始.
2022-05-30 19:44:41,289 -views.py -17 -INFO: 异步接口调用结束. f248cb4c-8859-4a6d-9089-822d98a70bef
2022-05-30 19:44:41,289 -views.py -17 -INFO: 异步接口调用结束. f248cb4c-8859-4a6d-9089-822d98a70bef
2022-05-30 19:44:41,289 -views.py -17 -INFO: 异步接口调用结束. f248cb4c-8859-4a6d-9089-822d98a70bef
2022-05-30 19:44:41,460 -views.py -15 -INFO: 调用异步接口开始.
2022-05-30 19:44:41,460 -views.py -15 -INFO: 调用异步接口开始.
2022-05-30 19:44:41,460 -views.py -15 -INFO: 调用异步接口开始.
2022-05-30 19:44:41,462 -views.py -17 -INFO: 异步接口调用结束. cbb94440-0bf4-424a-a016-ced90dfb409f
2022-05-30 19:44:41,462 -views.py -17 -INFO: 异步接口调用结束. cbb94440-0bf4-424a-a016-ced90dfb409f
2022-05-30 19:44:41,462 -views.py -17 -INFO: 异步接口调用结束. cbb94440-0bf4-424a-a016-ced90dfb409f
2022-05-30 19:45:10,162 -log.py -230 -WARNING: Not Found: /hello
2022-05-30 19:45:10,162 -log.py -230 -WARNING: Not Found: /hello
2022-05-30 19:45:10,162 -log.py -230 -WARNING: Not Found: /hello
2022-05-30 19:46:06,108 -views.py -30 -INFO: 调用异步接口开始.
2022-05-30 19:46:06,108 -views.py -30 -INFO: 调用异步接口开始.
2022-05-30 19:46:06,108 -views.py -30 -INFO: 调用异步接口开始.
2022-05-30 19:46:06,400 -views.py -32 -INFO: 异步接口调用结束. a90cd3ca-f097-4586-a1e4-1bc0955756dc
2022-05-30 19:46:06,400 -views.py -32 -INFO: 异步接口调用结束. a90cd3ca-f097-4586-a1e4-1bc0955756dc
2022-05-30 19:46:06,400 -views.py -32 -INFO: 异步接口调用结束. a90cd3ca-f097-4586-a1e4-1bc0955756dc
2022-05-30 20:53:08,658 -views.py -30 -INFO: 调用异步接口开始.
2022-05-30 20:53:08,658 -views.py -30 -INFO: 调用异步接口开始.
2022-05-30 20:53:08,658 -views.py -30 -INFO: 调用异步接口开始.
2022-05-30 20:53:09,013 -views.py -32 -INFO: 异步接口调用结束. 424990fd-004e-47ac-9a6a-9d58b005f310
2022-05-30 20:53:09,013 -views.py -32 -INFO: 异步接口调用结束. 424990fd-004e-47ac-9a6a-9d58b005f310
2022-05-30 20:53:09,013 -views.py -32 -INFO: 异步接口调用结束. 424990fd-004e-47ac-9a6a-9d58b005f310
2022-05-30 20:53:09,699 -views.py -30 -INFO: 调用异步接口开始.
2022-05-30 20:53:09,699 -views.py -30 -INFO: 调用异步接口开始.
2022-05-30 20:53:09,699 -views.py -30 -INFO: 调用异步接口开始.
2022-05-30 20:53:09,702 -views.py -32 -INFO: 异步接口调用结束. 6cdd918d-d376-48cc-bf10-f835c1db7096
2022-05-30 20:53:09,702 -views.py -32 -INFO: 异步接口调用结束. 6cdd918d-d376-48cc-bf10-f835c1db7096
2022-05-30 20:53:09,702 -views.py -32 -INFO: 异步接口调用结束. 6cdd918d-d376-48cc-bf10-f835c1db7096
2022-05-30 20:53:09,885 -views.py -30 -INFO: 调用异步接口开始.
2022-05-30 20:53:09,885 -views.py -30 -INFO: 调用异步接口开始.
2022-05-30 20:53:09,885 -views.py -30 -INFO: 调用异步接口开始.
2022-05-30 20:53:09,888 -views.py -32 -INFO: 异步接口调用结束. a43af088-f185-47d4-bff5-e5923a24e96b
2022-05-30 20:53:09,888 -views.py -32 -INFO: 异步接口调用结束. a43af088-f185-47d4-bff5-e5923a24e96b
2022-05-30 20:53:09,888 -views.py -32 -INFO: 异步接口调用结束. a43af088-f185-47d4-bff5-e5923a24e96b
2022-05-30 20:53:10,073 -views.py -30 -INFO: 调用异步接口开始.
2022-05-30 20:53:10,073 -views.py -30 -INFO: 调用异步接口开始.
2022-05-30 20:53:10,073 -views.py -30 -INFO: 调用异步接口开始.
2022-05-30 20:53:10,076 -views.py -32 -INFO: 异步接口调用结束. 6e0e8dcf-f049-403c-92d8-fc34673302de
2022-05-30 20:53:10,076 -views.py -32 -INFO: 异步接口调用结束. 6e0e8dcf-f049-403c-92d8-fc34673302de
2022-05-30 20:53:10,076 -views.py -32 -INFO: 异步接口调用结束. 6e0e8dcf-f049-403c-92d8-fc34673302de
2022-05-30 20:53:10,237 -views.py -30 -INFO: 调用异步接口开始.
2022-05-30 20:53:10,237 -views.py -30 -INFO: 调用异步接口开始.
2022-05-30 20:53:10,237 -views.py -30 -INFO: 调用异步接口开始.
2022-05-30 20:53:10,239 -views.py -32 -INFO: 异步接口调用结束. 775f2f35-9c55-47d6-b3b6-c6cde1d981be
2022-05-30 20:53:10,239 -views.py -32 -INFO: 异步接口调用结束. 775f2f35-9c55-47d6-b3b6-c6cde1d981be
2022-05-30 20:53:10,239 -views.py -32 -INFO: 异步接口调用结束. 775f2f35-9c55-47d6-b3b6-c6cde1d981be
2022-05-30 20:53:10,407 -views.py -30 -INFO: 调用异步接口开始.
2022-05-30 20:53:10,407 -views.py -30 -INFO: 调用异步接口开始.
2022-05-30 20:53:10,407 -views.py -30 -INFO: 调用异步接口开始.
2022-05-30 20:53:10,410 -views.py -32 -INFO: 异步接口调用结束. a97cea8b-42c8-4611-8da0-7393168d0cbf
2022-05-30 20:53:10,410 -views.py -32 -INFO: 异步接口调用结束. a97cea8b-42c8-4611-8da0-7393168d0cbf
2022-05-30 20:53:10,410 -views.py -32 -INFO: 异步接口调用结束. a97cea8b-42c8-4611-8da0-7393168d0cbf
2022-05-30 20:53:10,573 -views.py -30 -INFO: 调用异步接口开始.
2022-05-30 20:53:10,573 -views.py -30 -INFO: 调用异步接口开始.
2022-05-30 20:53:10,573 -views.py -30 -INFO: 调用异步接口开始.
2022-05-30 20:53:10,575 -views.py -32 -INFO: 异步接口调用结束. 5de28626-2953-486f-b787-0b62d814d9a3
2022-05-30 20:53:10,575 -views.py -32 -INFO: 异步接口调用结束. 5de28626-2953-486f-b787-0b62d814d9a3
2022-05-30 20:53:10,575 -views.py -32 -INFO: 异步接口调用结束. 5de28626-2953-486f-b787-0b62d814d9a3
2022-05-30 20:53:10,732 -views.py -30 -INFO: 调用异步接口开始.
2022-05-30 20:53:10,732 -views.py -30 -INFO: 调用异步接口开始.
2022-05-30 20:53:10,732 -views.py -30 -INFO: 调用异步接口开始.
2022-05-30 20:53:10,735 -views.py -32 -INFO: 异步接口调用结束. 5514e02c-1f8e-4c73-8691-37452cd04dc1
2022-05-30 20:53:10,735 -views.py -32 -INFO: 异步接口调用结束. 5514e02c-1f8e-4c73-8691-37452cd04dc1
2022-05-30 20:53:10,735 -views.py -32 -INFO: 异步接口调用结束. 5514e02c-1f8e-4c73-8691-37452cd04dc1
2022-05-30 20:53:10,902 -views.py -30 -INFO: 调用异步接口开始.
2022-05-30 20:53:10,902 -views.py -30 -INFO: 调用异步接口开始.
2022-05-30 20:53:10,902 -views.py -30 -INFO: 调用异步接口开始.
2022-05-30 20:53:10,904 -views.py -32 -INFO: 异步接口调用结束. a8d26fb9-255c-4ddf-adfc-7239213f096b
2022-05-30 20:53:10,904 -views.py -32 -INFO: 异步接口调用结束. a8d26fb9-255c-4ddf-adfc-7239213f096b
2022-05-30 20:53:10,904 -views.py -32 -INFO: 异步接口调用结束. a8d26fb9-255c-4ddf-adfc-7239213f096b
2022-05-30 20:53:11,056 -views.py -30 -INFO: 调用异步接口开始.
2022-05-30 20:53:11,056 -views.py -30 -INFO: 调用异步接口开始.
2022-05-30 20:53:11,056 -views.py -30 -INFO: 调用异步接口开始.
2022-05-30 20:53:11,058 -views.py -32 -INFO: 异步接口调用结束. 92fd456a-ceb3-4077-ac0a-feb79984e8bf
2022-05-30 20:53:11,058 -views.py -32 -INFO: 异步接口调用结束. 92fd456a-ceb3-4077-ac0a-feb79984e8bf
2022-05-30 20:53:11,058 -views.py -32 -INFO: 异步接口调用结束. 92fd456a-ceb3-4077-ac0a-feb79984e8bf
2022-05-30 20:53:11,230 -views.py -30 -INFO: 调用异步接口开始.
2022-05-30 20:53:11,230 -views.py -30 -INFO: 调用异步接口开始.
2022-05-30 20:53:11,230 -views.py -30 -INFO: 调用异步接口开始.
2022-05-30 20:53:11,233 -views.py -32 -INFO: 异步接口调用结束. bb491cf5-1811-4a5c-9199-57fdbe24fabd
2022-05-30 20:53:11,233 -views.py -32 -INFO: 异步接口调用结束. bb491cf5-1811-4a5c-9199-57fdbe24fabd
2022-05-30 20:53:11,233 -views.py -32 -INFO: 异步接口调用结束. bb491cf5-1811-4a5c-9199-57fdbe24fabd
2022-05-30 20:53:11,390 -views.py -30 -INFO: 调用异步接口开始.
2022-05-30 20:53:11,390 -views.py -30 -INFO: 调用异步接口开始.
2022-05-30 20:53:11,390 -views.py -30 -INFO: 调用异步接口开始.
2022-05-30 20:53:11,392 -views.py -32 -INFO: 异步接口调用结束. 825a6452-0873-4d22-a48b-d3ae0abef56b
2022-05-30 20:53:11,392 -views.py -32 -INFO: 异步接口调用结束. 825a6452-0873-4d22-a48b-d3ae0abef56b
2022-05-30 20:53:11,392 -views.py -32 -INFO: 异步接口调用结束. 825a6452-0873-4d22-a48b-d3ae0abef56b
2022-05-30 20:53:11,537 -views.py -30 -INFO: 调用异步接口开始.
2022-05-30 20:53:11,537 -views.py -30 -INFO: 调用异步接口开始.
2022-05-30 20:53:11,537 -views.py -30 -INFO: 调用异步接口开始.
2022-05-30 20:53:11,539 -views.py -32 -INFO: 异步接口调用结束. 47b5d509-6d72-48b4-b3f9-31fa017d4982
2022-05-30 20:53:11,539 -views.py -32 -INFO: 异步接口调用结束. 47b5d509-6d72-48b4-b3f9-31fa017d4982
2022-05-30 20:53:11,539 -views.py -32 -INFO: 异步接口调用结束. 47b5d509-6d72-48b4-b3f9-31fa017d4982
2022-05-30 20:53:11,701 -views.py -30 -INFO: 调用异步接口开始.
2022-05-30 20:53:11,701 -views.py -30 -INFO: 调用异步接口开始.
2022-05-30 20:53:11,701 -views.py -30 -INFO: 调用异步接口开始.
2022-05-30 20:53:11,703 -views.py -32 -INFO: 异步接口调用结束. 3c089b88-38fa-447b-a4db-d85133471fe0
2022-05-30 20:53:11,703 -views.py -32 -INFO: 异步接口调用结束. 3c089b88-38fa-447b-a4db-d85133471fe0
2022-05-30 20:53:11,703 -views.py -32 -INFO: 异步接口调用结束. 3c089b88-38fa-447b-a4db-d85133471fe0
2022-05-30 20:53:11,878 -views.py -30 -INFO: 调用异步接口开始.
2022-05-30 20:53:11,878 -views.py -30 -INFO: 调用异步接口开始.
2022-05-30 20:53:11,878 -views.py -30 -INFO: 调用异步接口开始.
2022-05-30 20:53:11,880 -views.py -32 -INFO: 异步接口调用结束. 75d3e8ae-de4a-4d3a-80a5-b4bcbb5fe5d1
2022-05-30 20:53:11,880 -views.py -32 -INFO: 异步接口调用结束. 75d3e8ae-de4a-4d3a-80a5-b4bcbb5fe5d1
2022-05-30 20:53:11,880 -views.py -32 -INFO: 异步接口调用结束. 75d3e8ae-de4a-4d3a-80a5-b4bcbb5fe5d1
2022-05-30 20:53:12,046 -views.py -30 -INFO: 调用异步接口开始.
2022-05-30 20:53:12,046 -views.py -30 -INFO: 调用异步接口开始.
2022-05-30 20:53:12,046 -views.py -30 -INFO: 调用异步接口开始.
2022-05-30 20:53:12,049 -views.py -32 -INFO: 异步接口调用结束. a7fe5cef-9056-4d34-a9d5-8eba48a96507
2022-05-30 20:53:12,049 -views.py -32 -INFO: 异步接口调用结束. a7fe5cef-9056-4d34-a9d5-8eba48a96507
2022-05-30 20:53:12,049 -views.py -32 -INFO: 异步接口调用结束. a7fe5cef-9056-4d34-a9d5-8eba48a96507
2022-05-30 20:58:14,526 -views.py -30 -INFO: 调用异步接口开始.
2022-05-30 20:58:14,526 -views.py -30 -INFO: 调用异步接口开始.
2022-05-30 20:58:14,526 -views.py -30 -INFO: 调用异步接口开始.
2022-05-30 20:58:14,531 -views.py -32 -INFO: 异步接口调用结束. 3c808995-b6c0-4626-9650-b3872d1ebe6c
2022-05-30 20:58:14,531 -views.py -32 -INFO: 异步接口调用结束. 3c808995-b6c0-4626-9650-b3872d1ebe6c
2022-05-30 20:58:14,531 -views.py -32 -INFO: 异步接口调用结束. 3c808995-b6c0-4626-9650-b3872d1ebe6c
2022-05-30 20:58:15,151 -views.py -30 -INFO: 调用异步接口开始.
2022-05-30 20:58:15,151 -views.py -30 -INFO: 调用异步接口开始.
2022-05-30 20:58:15,151 -views.py -30 -INFO: 调用异步接口开始.
2022-05-30 20:58:15,153 -views.py -32 -INFO: 异步接口调用结束. febd8626-164f-4680-bad7-18c51c9fd3d3
2022-05-30 20:58:15,153 -views.py -32 -INFO: 异步接口调用结束. febd8626-164f-4680-bad7-18c51c9fd3d3
2022-05-30 20:58:15,153 -views.py -32 -INFO: 异步接口调用结束. febd8626-164f-4680-bad7-18c51c9fd3d3
2022-05-30 20:58:15,332 -views.py -30 -INFO: 调用异步接口开始.
2022-05-30 20:58:15,332 -views.py -30 -INFO: 调用异步接口开始.
2022-05-30 20:58:15,332 -views.py -30 -INFO: 调用异步接口开始.
2022-05-30 20:58:15,334 -views.py -32 -INFO: 异步接口调用结束. 1bb9e5c3-bd1e-4b5c-9afe-966e47c13e24
2022-05-30 20:58:15,334 -views.py -32 -INFO: 异步接口调用结束. 1bb9e5c3-bd1e-4b5c-9afe-966e47c13e24
2022-05-30 20:58:15,334 -views.py -32 -INFO: 异步接口调用结束. 1bb9e5c3-bd1e-4b5c-9afe-966e47c13e24
2022-05-30 20:58:15,497 -views.py -30 -INFO: 调用异步接口开始.
2022-05-30 20:58:15,497 -views.py -30 -INFO: 调用异步接口开始.
2022-05-30 20:58:15,497 -views.py -30 -INFO: 调用异步接口开始.
2022-05-30 20:58:15,499 -views.py -32 -INFO: 异步接口调用结束. c35fedb5-cd75-448b-a621-3058b2f8cb0f
2022-05-30 20:58:15,499 -views.py -32 -INFO: 异步接口调用结束. c35fedb5-cd75-448b-a621-3058b2f8cb0f
2022-05-30 20:58:15,499 -views.py -32 -INFO: 异步接口调用结束. c35fedb5-cd75-448b-a621-3058b2f8cb0f
2022-05-30 20:58:15,680 -views.py -30 -INFO: 调用异步接口开始.
2022-05-30 20:58:15,680 -views.py -30 -INFO: 调用异步接口开始.
2022-05-30 20:58:15,680 -views.py -30 -INFO: 调用异步接口开始.
2022-05-30 20:58:15,683 -views.py -32 -INFO: 异步接口调用结束. 53b03afd-8dcc-4bd6-b884-defa4f357046
2022-05-30 20:58:15,683 -views.py -32 -INFO: 异步接口调用结束. 53b03afd-8dcc-4bd6-b884-defa4f357046
2022-05-30 20:58:15,683 -views.py -32 -INFO: 异步接口调用结束. 53b03afd-8dcc-4bd6-b884-defa4f357046
2022-05-30 20:58:15,869 -views.py -30 -INFO: 调用异步接口开始.
2022-05-30 20:58:15,869 -views.py -30 -INFO: 调用异步接口开始.
2022-05-30 20:58:15,869 -views.py -30 -INFO: 调用异步接口开始.
2022-05-30 20:58:15,872 -views.py -32 -INFO: 异步接口调用结束. 6d8dd91d-f573-49ab-9f2f-4c560c372965
2022-05-30 20:58:15,872 -views.py -32 -INFO: 异步接口调用结束. 6d8dd91d-f573-49ab-9f2f-4c560c372965
2022-05-30 20:58:15,872 -views.py -32 -INFO: 异步接口调用结束. 6d8dd91d-f573-49ab-9f2f-4c560c372965
2022-05-30 20:58:16,021 -views.py -30 -INFO: 调用异步接口开始.
2022-05-30 20:58:16,021 -views.py -30 -INFO: 调用异步接口开始.
2022-05-30 20:58:16,021 -views.py -30 -INFO: 调用异步接口开始.
2022-05-30 20:58:16,024 -views.py -32 -INFO: 异步接口调用结束. 8a7eacf3-b6d4-4364-8c9c-72372c534e10
2022-05-30 20:58:16,024 -views.py -32 -INFO: 异步接口调用结束. 8a7eacf3-b6d4-4364-8c9c-72372c534e10
2022-05-30 20:58:16,024 -views.py -32 -INFO: 异步接口调用结束. 8a7eacf3-b6d4-4364-8c9c-72372c534e10
2022-05-30 21:43:25,574 -views.py -15 -INFO: 调用异步接口开始.
2022-05-30 21:43:25,574 -views.py -15 -INFO: 调用异步接口开始.
2022-05-30 21:43:25,574 -views.py -15 -INFO: 调用异步接口开始.
2022-05-30 21:43:25,915 -views.py -17 -INFO: 异步接口调用结束. d34dd2c7-0215-4b09-9958-e2326be55ee1
2022-05-30 21:43:25,915 -views.py -17 -INFO: 异步接口调用结束. d34dd2c7-0215-4b09-9958-e2326be55ee1
2022-05-30 21:43:25,915 -views.py -17 -INFO: 异步接口调用结束. d34dd2c7-0215-4b09-9958-e2326be55ee1
2022-05-30 21:43:30,546 -views.py -15 -INFO: 调用异步接口开始.
2022-05-30 21:43:30,546 -views.py -15 -INFO: 调用异步接口开始.
2022-05-30 21:43:30,546 -views.py -15 -INFO: 调用异步接口开始.
2022-05-30 21:43:30,884 -views.py -17 -INFO: 异步接口调用结束. 26566477-ead5-4cc7-a837-d9ae10c007a6
2022-05-30 21:43:30,884 -views.py -17 -INFO: 异步接口调用结束. 26566477-ead5-4cc7-a837-d9ae10c007a6
2022-05-30 21:43:30,884 -views.py -17 -INFO: 异步接口调用结束. 26566477-ead5-4cc7-a837-d9ae10c007a6
2022-05-30 21:43:31,652 -views.py -15 -INFO: 调用异步接口开始.
2022-05-30 21:43:31,652 -views.py -15 -INFO: 调用异步接口开始.
2022-05-30 21:43:31,652 -views.py -15 -INFO: 调用异步接口开始.
2022-05-30 21:43:31,654 -views.py -17 -INFO: 异步接口调用结束. b480b3a4-e9a6-46f8-a10b-b9e62421edf4
2022-05-30 21:43:31,654 -views.py -17 -INFO: 异步接口调用结束. b480b3a4-e9a6-46f8-a10b-b9e62421edf4
2022-05-30 21:43:31,654 -views.py -17 -INFO: 异步接口调用结束. b480b3a4-e9a6-46f8-a10b-b9e62421edf4
2022-05-30 21:43:31,835 -views.py -15 -INFO: 调用异步接口开始.
2022-05-30 21:43:31,835 -views.py -15 -INFO: 调用异步接口开始.
2022-05-30 21:43:31,835 -views.py -15 -INFO: 调用异步接口开始.
2022-05-30 21:43:31,837 -views.py -17 -INFO: 异步接口调用结束. 4fd3bb73-36a0-40a4-91a8-491172d4c42c
2022-05-30 21:43:31,837 -views.py -17 -INFO: 异步接口调用结束. 4fd3bb73-36a0-40a4-91a8-491172d4c42c
2022-05-30 21:43:31,837 -views.py -17 -INFO: 异步接口调用结束. 4fd3bb73-36a0-40a4-91a8-491172d4c42c
2022-05-30 21:43:32,012 -views.py -15 -INFO: 调用异步接口开始.
2022-05-30 21:43:32,012 -views.py -15 -INFO: 调用异步接口开始.
2022-05-30 21:43:32,012 -views.py -15 -INFO: 调用异步接口开始.
2022-05-30 21:43:32,014 -views.py -17 -INFO: 异步接口调用结束. 34acd3ca-bccb-4d44-ac65-3fed951c7739
2022-05-30 21:43:32,014 -views.py -17 -INFO: 异步接口调用结束. 34acd3ca-bccb-4d44-ac65-3fed951c7739
2022-05-30 21:43:32,014 -views.py -17 -INFO: 异步接口调用结束. 34acd3ca-bccb-4d44-ac65-3fed951c7739
2022-05-30 21:43:32,156 -views.py -15 -INFO: 调用异步接口开始.
2022-05-30 21:43:32,156 -views.py -15 -INFO: 调用异步接口开始.
2022-05-30 21:43:32,156 -views.py -15 -INFO: 调用异步接口开始.
2022-05-30 21:43:32,158 -views.py -17 -INFO: 异步接口调用结束. 5c0413e9-3619-4511-99b6-ff6276ca8a61
2022-05-30 21:43:32,158 -views.py -17 -INFO: 异步接口调用结束. 5c0413e9-3619-4511-99b6-ff6276ca8a61
2022-05-30 21:43:32,158 -views.py -17 -INFO: 异步接口调用结束. 5c0413e9-3619-4511-99b6-ff6276ca8a61
2022-05-30 21:43:32,309 -views.py -15 -INFO: 调用异步接口开始.
2022-05-30 21:43:32,309 -views.py -15 -INFO: 调用异步接口开始.
2022-05-30 21:43:32,309 -views.py -15 -INFO: 调用异步接口开始.
2022-05-30 21:43:32,311 -views.py -17 -INFO: 异步接口调用结束. 0165f4f6-30a4-4b0b-8509-ac77a528a2d0
2022-05-30 21:43:32,311 -views.py -17 -INFO: 异步接口调用结束. 0165f4f6-30a4-4b0b-8509-ac77a528a2d0
2022-05-30 21:43:32,311 -views.py -17 -INFO: 异步接口调用结束. 0165f4f6-30a4-4b0b-8509-ac77a528a2d0
2022-05-30 21:43:32,454 -views.py -15 -INFO: 调用异步接口开始.
2022-05-30 21:43:32,454 -views.py -15 -INFO: 调用异步接口开始.
2022-05-30 21:43:32,454 -views.py -15 -INFO: 调用异步接口开始.
2022-05-30 21:43:32,456 -views.py -17 -INFO: 异步接口调用结束. e5b71451-f049-4fbf-90bb-90a80f196569
2022-05-30 21:43:32,456 -views.py -17 -INFO: 异步接口调用结束. e5b71451-f049-4fbf-90bb-90a80f196569
2022-05-30 21:43:32,456 -views.py -17 -INFO: 异步接口调用结束. e5b71451-f049-4fbf-90bb-90a80f196569
2022-05-30 21:43:32,609 -views.py -15 -INFO: 调用异步接口开始.
2022-05-30 21:43:32,609 -views.py -15 -INFO: 调用异步接口开始.
2022-05-30 21:43:32,609 -views.py -15 -INFO: 调用异步接口开始.
2022-05-30 21:43:32,611 -views.py -17 -INFO: 异步接口调用结束. 430792c8-ecdc-46ab-a264-0f7f2f055d16
2022-05-30 21:43:32,611 -views.py -17 -INFO: 异步接口调用结束. 430792c8-ecdc-46ab-a264-0f7f2f055d16
2022-05-30 21:43:32,611 -views.py -17 -INFO: 异步接口调用结束. 430792c8-ecdc-46ab-a264-0f7f2f055d16
2022-05-30 21:44:04,458 -views.py -15 -INFO: 调用异步接口开始.
2022-05-30 21:44:04,458 -views.py -15 -INFO: 调用异步接口开始.
2022-05-30 21:44:04,458 -views.py -15 -INFO: 调用异步接口开始.
2022-05-30 21:44:04,461 -views.py -17 -INFO: 异步接口调用结束. 2d7f7675-3f74-4475-ab11-44565d78f5bd
2022-05-30 21:44:04,461 -views.py -17 -INFO: 异步接口调用结束. 2d7f7675-3f74-4475-ab11-44565d78f5bd
2022-05-30 21:44:04,461 -views.py -17 -INFO: 异步接口调用结束. 2d7f7675-3f74-4475-ab11-44565d78f5bd
2022-05-30 21:44:04,672 -views.py -15 -INFO: 调用异步接口开始.
2022-05-30 21:44:04,672 -views.py -15 -INFO: 调用异步接口开始.
2022-05-30 21:44:04,672 -views.py -15 -INFO: 调用异步接口开始.
2022-05-30 21:44:04,674 -views.py -17 -INFO: 异步接口调用结束. ccc00eb2-64a6-40a2-96b4-cb12f3228761
2022-05-30 21:44:04,674 -views.py -17 -INFO: 异步接口调用结束. ccc00eb2-64a6-40a2-96b4-cb12f3228761
2022-05-30 21:44:04,674 -views.py -17 -INFO: 异步接口调用结束. ccc00eb2-64a6-40a2-96b4-cb12f3228761
2022-05-30 21:44:04,824 -views.py -15 -INFO: 调用异步接口开始.
2022-05-30 21:44:04,824 -views.py -15 -INFO: 调用异步接口开始.
2022-05-30 21:44:04,824 -views.py -15 -INFO: 调用异步接口开始.
2022-05-30 21:44:04,826 -views.py -17 -INFO: 异步接口调用结束. 255e7b4a-79d9-401d-a8a4-ee3752a089f7
2022-05-30 21:44:04,826 -views.py -17 -INFO: 异步接口调用结束. 255e7b4a-79d9-401d-a8a4-ee3752a089f7
2022-05-30 21:44:04,826 -views.py -17 -INFO: 异步接口调用结束. 255e7b4a-79d9-401d-a8a4-ee3752a089f7
2022-05-30 21:44:05,175 -views.py -15 -INFO: 调用异步接口开始.
2022-05-30 21:44:05,175 -views.py -15 -INFO: 调用异步接口开始.
2022-05-30 21:44:05,175 -views.py -15 -INFO: 调用异步接口开始.
2022-05-30 21:44:05,177 -views.py -17 -INFO: 异步接口调用结束. 2c154042-dc0b-4c10-927e-2adc22809b90
2022-05-30 21:44:05,177 -views.py -17 -INFO: 异步接口调用结束. 2c154042-dc0b-4c10-927e-2adc22809b90
2022-05-30 21:44:05,177 -views.py -17 -INFO: 异步接口调用结束. 2c154042-dc0b-4c10-927e-2adc22809b90
2022-05-31 09:20:31,618 -command.py -154 -INFO: Visit me at http://localhost:5555
2022-05-31 09:20:31,618 -command.py -154 -INFO: Visit me at http://localhost:5555
2022-05-31 09:20:31,618 -command.py -154 -INFO: Visit me at http://localhost:5555
2022-05-31 09:20:31,653 -command.py -159 -INFO: Broker: redis://127.0.0.1:6379/1
2022-05-31 09:20:31,653 -command.py -159 -INFO: Broker: redis://127.0.0.1:6379/1
2022-05-31 09:20:31,653 -command.py -159 -INFO: Broker: redis://127.0.0.1:6379/1
2022-05-31 09:20:31,660 -command.py -162 -INFO: Registered tasks: 
['celery.accumulate',
 'celery.backend_cleanup',
 'celery.chain',
 'celery.chord',
 'celery.chord_unlock',
 'celery.chunks',
 'celery.group',
 'celery.map',
 'celery.starmap',
 'dj_cly.task1.tasks.hello',
 'dj_cly.task2.tasks.hi']
2022-05-31 09:20:31,660 -command.py -162 -INFO: Registered tasks: 
['celery.accumulate',
 'celery.backend_cleanup',
 'celery.chain',
 'celery.chord',
 'celery.chord_unlock',
 'celery.chunks',
 'celery.group',
 'celery.map',
 'celery.starmap',
 'dj_cly.task1.tasks.hello',
 'dj_cly.task2.tasks.hi']
2022-05-31 09:20:31,660 -command.py -162 -INFO: Registered tasks: 
['celery.accumulate',
 'celery.backend_cleanup',
 'celery.chain',
 'celery.chord',
 'celery.chord_unlock',
 'celery.chunks',
 'celery.group',
 'celery.map',
 'celery.starmap',
 'dj_cly.task1.tasks.hello',
 'dj_cly.task2.tasks.hi']
2022-05-31 09:20:31,679 -mixins.py -226 -INFO: Connected to redis://127.0.0.1:6379/1
2022-05-31 09:20:31,679 -mixins.py -226 -INFO: Connected to redis://127.0.0.1:6379/1
2022-05-31 09:20:31,679 -mixins.py -226 -INFO: Connected to redis://127.0.0.1:6379/1
2022-05-31 09:20:38,804 -command.py -154 -INFO: Visit me at http://localhost:5555
2022-05-31 09:20:38,804 -command.py -154 -INFO: Visit me at http://localhost:5555
2022-05-31 09:20:38,804 -command.py -154 -INFO: Visit me at http://localhost:5555
2022-05-31 09:20:38,840 -command.py -159 -INFO: Broker: redis://127.0.0.1:6379/1
2022-05-31 09:20:38,840 -command.py -159 -INFO: Broker: redis://127.0.0.1:6379/1
2022-05-31 09:20:38,840 -command.py -159 -INFO: Broker: redis://127.0.0.1:6379/1
2022-05-31 09:20:38,847 -command.py -162 -INFO: Registered tasks: 
['celery.accumulate',
 'celery.backend_cleanup',
 'celery.chain',
 'celery.chord',
 'celery.chord_unlock',
 'celery.chunks',
 'celery.group',
 'celery.map',
 'celery.starmap',
 'dj_cly.task1.tasks.hello',
 'dj_cly.task2.tasks.hi']
2022-05-31 09:20:38,847 -command.py -162 -INFO: Registered tasks: 
['celery.accumulate',
 'celery.backend_cleanup',
 'celery.chain',
 'celery.chord',
 'celery.chord_unlock',
 'celery.chunks',
 'celery.group',
 'celery.map',
 'celery.starmap',
 'dj_cly.task1.tasks.hello',
 'dj_cly.task2.tasks.hi']
2022-05-31 09:20:38,847 -command.py -162 -INFO: Registered tasks: 
['celery.accumulate',
 'celery.backend_cleanup',
 'celery.chain',
 'celery.chord',
 'celery.chord_unlock',
 'celery.chunks',
 'celery.group',
 'celery.map',
 'celery.starmap',
 'dj_cly.task1.tasks.hello',
 'dj_cly.task2.tasks.hi']
2022-05-31 09:20:38,870 -mixins.py -226 -INFO: Connected to redis://127.0.0.1:6379/1
2022-05-31 09:20:38,870 -mixins.py -226 -INFO: Connected to redis://127.0.0.1:6379/1
2022-05-31 09:20:38,870 -mixins.py -226 -INFO: Connected to redis://127.0.0.1:6379/1
2022-05-31 09:20:49,577 -views.py -15 -INFO: 调用异步接口开始.
2022-05-31 09:20:49,577 -views.py -15 -INFO: 调用异步接口开始.
2022-05-31 09:20:49,577 -views.py -15 -INFO: 调用异步接口开始.
2022-05-31 09:20:49,890 -views.py -17 -INFO: 异步接口调用结束. b6715496-d0c0-4d64-81ea-387995d13f53
2022-05-31 09:20:49,890 -views.py -17 -INFO: 异步接口调用结束. b6715496-d0c0-4d64-81ea-387995d13f53
2022-05-31 09:20:49,890 -views.py -17 -INFO: 异步接口调用结束. b6715496-d0c0-4d64-81ea-387995d13f53
2022-05-31 09:20:50,145 -views.py -15 -INFO: 调用异步接口开始.
2022-05-31 09:20:50,145 -views.py -15 -INFO: 调用异步接口开始.
2022-05-31 09:20:50,145 -views.py -15 -INFO: 调用异步接口开始.
2022-05-31 09:20:50,147 -views.py -17 -INFO: 异步接口调用结束. aca0126f-dc53-4335-b0eb-88006712b5fb
2022-05-31 09:20:50,147 -views.py -17 -INFO: 异步接口调用结束. aca0126f-dc53-4335-b0eb-88006712b5fb
2022-05-31 09:20:50,147 -views.py -17 -INFO: 异步接口调用结束. aca0126f-dc53-4335-b0eb-88006712b5fb
2022-05-31 09:20:50,316 -views.py -15 -INFO: 调用异步接口开始.
2022-05-31 09:20:50,316 -views.py -15 -INFO: 调用异步接口开始.
2022-05-31 09:20:50,316 -views.py -15 -INFO: 调用异步接口开始.
2022-05-31 09:20:50,317 -views.py -17 -INFO: 异步接口调用结束. 46b80d0a-3c58-4298-8cbe-f260ff1653de
2022-05-31 09:20:50,317 -views.py -17 -INFO: 异步接口调用结束. 46b80d0a-3c58-4298-8cbe-f260ff1653de
2022-05-31 09:20:50,317 -views.py -17 -INFO: 异步接口调用结束. 46b80d0a-3c58-4298-8cbe-f260ff1653de
2022-05-31 09:20:59,261 -views.py -15 -INFO: 调用异步接口开始.
2022-05-31 09:20:59,261 -views.py -15 -INFO: 调用异步接口开始.
2022-05-31 09:20:59,261 -views.py -15 -INFO: 调用异步接口开始.
2022-05-31 09:20:59,565 -views.py -17 -INFO: 异步接口调用结束. c5f3a1e8-07f2-4c07-a58e-3f73a85630f5
2022-05-31 09:20:59,565 -views.py -17 -INFO: 异步接口调用结束. c5f3a1e8-07f2-4c07-a58e-3f73a85630f5
2022-05-31 09:20:59,565 -views.py -17 -INFO: 异步接口调用结束. c5f3a1e8-07f2-4c07-a58e-3f73a85630f5
2022-05-31 09:22:59,655 -views.py -15 -INFO: 调用异步接口开始.
2022-05-31 09:22:59,655 -views.py -15 -INFO: 调用异步接口开始.
2022-05-31 09:22:59,655 -views.py -15 -INFO: 调用异步接口开始.
2022-05-31 09:22:59,664 -views.py -17 -INFO: 异步接口调用结束. b5703928-0f9b-4df3-b941-77851b612e18
2022-05-31 09:22:59,664 -views.py -17 -INFO: 异步接口调用结束. b5703928-0f9b-4df3-b941-77851b612e18
2022-05-31 09:22:59,664 -views.py -17 -INFO: 异步接口调用结束. b5703928-0f9b-4df3-b941-77851b612e18
2022-05-31 09:23:00,406 -views.py -15 -INFO: 调用异步接口开始.
2022-05-31 09:23:00,406 -views.py -15 -INFO: 调用异步接口开始.
2022-05-31 09:23:00,406 -views.py -15 -INFO: 调用异步接口开始.
2022-05-31 09:23:00,408 -views.py -17 -INFO: 异步接口调用结束. 01be48b9-2203-45c9-ab66-f90734a637ea
2022-05-31 09:23:00,408 -views.py -17 -INFO: 异步接口调用结束. 01be48b9-2203-45c9-ab66-f90734a637ea
2022-05-31 09:23:00,408 -views.py -17 -INFO: 异步接口调用结束. 01be48b9-2203-45c9-ab66-f90734a637ea
2022-05-31 09:23:00,559 -views.py -15 -INFO: 调用异步接口开始.
2022-05-31 09:23:00,559 -views.py -15 -INFO: 调用异步接口开始.
2022-05-31 09:23:00,559 -views.py -15 -INFO: 调用异步接口开始.
2022-05-31 09:23:00,561 -views.py -17 -INFO: 异步接口调用结束. d1256c73-2389-4755-91e7-eacce1dbc212
2022-05-31 09:23:00,561 -views.py -17 -INFO: 异步接口调用结束. d1256c73-2389-4755-91e7-eacce1dbc212
2022-05-31 09:23:00,561 -views.py -17 -INFO: 异步接口调用结束. d1256c73-2389-4755-91e7-eacce1dbc212
2022-05-31 09:23:00,739 -views.py -15 -INFO: 调用异步接口开始.
2022-05-31 09:23:00,739 -views.py -15 -INFO: 调用异步接口开始.
2022-05-31 09:23:00,739 -views.py -15 -INFO: 调用异步接口开始.
2022-05-31 09:23:00,741 -views.py -17 -INFO: 异步接口调用结束. 2e1c7fc0-3a56-4817-8740-d4f622642e76
2022-05-31 09:23:00,741 -views.py -17 -INFO: 异步接口调用结束. 2e1c7fc0-3a56-4817-8740-d4f622642e76
2022-05-31 09:23:00,741 -views.py -17 -INFO: 异步接口调用结束. 2e1c7fc0-3a56-4817-8740-d4f622642e76
2022-05-31 09:23:00,907 -views.py -15 -INFO: 调用异步接口开始.
2022-05-31 09:23:00,907 -views.py -15 -INFO: 调用异步接口开始.
2022-05-31 09:23:00,907 -views.py -15 -INFO: 调用异步接口开始.
2022-05-31 09:23:00,910 -views.py -17 -INFO: 异步接口调用结束. 88b7f861-ae43-4668-baa8-290a87478b09
2022-05-31 09:23:00,910 -views.py -17 -INFO: 异步接口调用结束. 88b7f861-ae43-4668-baa8-290a87478b09
2022-05-31 09:23:00,910 -views.py -17 -INFO: 异步接口调用结束. 88b7f861-ae43-4668-baa8-290a87478b09
2022-05-31 09:23:01,066 -views.py -15 -INFO: 调用异步接口开始.
2022-05-31 09:23:01,066 -views.py -15 -INFO: 调用异步接口开始.
2022-05-31 09:23:01,066 -views.py -15 -INFO: 调用异步接口开始.
2022-05-31 09:23:01,068 -views.py -17 -INFO: 异步接口调用结束. 2c5747a1-c092-4d3d-a078-e8bc58c676b3
2022-05-31 09:23:01,068 -views.py -17 -INFO: 异步接口调用结束. 2c5747a1-c092-4d3d-a078-e8bc58c676b3
2022-05-31 09:23:01,068 -views.py -17 -INFO: 异步接口调用结束. 2c5747a1-c092-4d3d-a078-e8bc58c676b3
2022-05-31 09:23:01,245 -views.py -15 -INFO: 调用异步接口开始.
2022-05-31 09:23:01,245 -views.py -15 -INFO: 调用异步接口开始.
2022-05-31 09:23:01,245 -views.py -15 -INFO: 调用异步接口开始.
2022-05-31 09:23:01,247 -views.py -17 -INFO: 异步接口调用结束. 9a3ccb8d-3aa1-41f3-b00c-fab27a4afc8a
2022-05-31 09:23:01,247 -views.py -17 -INFO: 异步接口调用结束. 9a3ccb8d-3aa1-41f3-b00c-fab27a4afc8a
2022-05-31 09:23:01,247 -views.py -17 -INFO: 异步接口调用结束. 9a3ccb8d-3aa1-41f3-b00c-fab27a4afc8a
2022-05-31 09:23:01,410 -views.py -15 -INFO: 调用异步接口开始.
2022-05-31 09:23:01,410 -views.py -15 -INFO: 调用异步接口开始.
2022-05-31 09:23:01,410 -views.py -15 -INFO: 调用异步接口开始.
2022-05-31 09:23:01,412 -views.py -17 -INFO: 异步接口调用结束. 8a9a8390-e4ea-4efb-a422-7e13a684c05b
2022-05-31 09:23:01,412 -views.py -17 -INFO: 异步接口调用结束. 8a9a8390-e4ea-4efb-a422-7e13a684c05b
2022-05-31 09:23:01,412 -views.py -17 -INFO: 异步接口调用结束. 8a9a8390-e4ea-4efb-a422-7e13a684c05b
2022-05-31 09:23:01,571 -views.py -15 -INFO: 调用异步接口开始.
2022-05-31 09:23:01,571 -views.py -15 -INFO: 调用异步接口开始.
2022-05-31 09:23:01,571 -views.py -15 -INFO: 调用异步接口开始.
2022-05-31 09:23:01,574 -views.py -17 -INFO: 异步接口调用结束. 750eafc1-a027-4ac9-a894-5af0ad44fd9b
2022-05-31 09:23:01,574 -views.py -17 -INFO: 异步接口调用结束. 750eafc1-a027-4ac9-a894-5af0ad44fd9b
2022-05-31 09:23:01,574 -views.py -17 -INFO: 异步接口调用结束. 750eafc1-a027-4ac9-a894-5af0ad44fd9b
2022-05-31 09:23:01,759 -views.py -15 -INFO: 调用异步接口开始.
2022-05-31 09:23:01,759 -views.py -15 -INFO: 调用异步接口开始.
2022-05-31 09:23:01,759 -views.py -15 -INFO: 调用异步接口开始.
2022-05-31 09:23:01,761 -views.py -17 -INFO: 异步接口调用结束. 75d29670-f33f-45f5-a7ff-b458cbf4bb5d
2022-05-31 09:23:01,761 -views.py -17 -INFO: 异步接口调用结束. 75d29670-f33f-45f5-a7ff-b458cbf4bb5d
2022-05-31 09:23:01,761 -views.py -17 -INFO: 异步接口调用结束. 75d29670-f33f-45f5-a7ff-b458cbf4bb5d
2022-05-31 09:23:01,913 -views.py -15 -INFO: 调用异步接口开始.
2022-05-31 09:23:01,913 -views.py -15 -INFO: 调用异步接口开始.
2022-05-31 09:23:01,913 -views.py -15 -INFO: 调用异步接口开始.
2022-05-31 09:23:01,915 -views.py -17 -INFO: 异步接口调用结束. eb894743-d942-497c-88b9-4e357c9bc428
2022-05-31 09:23:01,915 -views.py -17 -INFO: 异步接口调用结束. eb894743-d942-497c-88b9-4e357c9bc428
2022-05-31 09:23:01,915 -views.py -17 -INFO: 异步接口调用结束. eb894743-d942-497c-88b9-4e357c9bc428
2022-05-31 09:23:02,094 -views.py -15 -INFO: 调用异步接口开始.
2022-05-31 09:23:02,094 -views.py -15 -INFO: 调用异步接口开始.
2022-05-31 09:23:02,094 -views.py -15 -INFO: 调用异步接口开始.
2022-05-31 09:23:02,096 -views.py -17 -INFO: 异步接口调用结束. fa054c92-ee87-40f5-9604-d818a4f8400b
2022-05-31 09:23:02,096 -views.py -17 -INFO: 异步接口调用结束. fa054c92-ee87-40f5-9604-d818a4f8400b
2022-05-31 09:23:02,096 -views.py -17 -INFO: 异步接口调用结束. fa054c92-ee87-40f5-9604-d818a4f8400b
2022-05-31 09:23:02,251 -views.py -15 -INFO: 调用异步接口开始.
2022-05-31 09:23:02,251 -views.py -15 -INFO: 调用异步接口开始.
2022-05-31 09:23:02,251 -views.py -15 -INFO: 调用异步接口开始.
2022-05-31 09:23:02,253 -views.py -17 -INFO: 异步接口调用结束. cfabe5de-2a10-4011-82da-f767b53f65b7
2022-05-31 09:23:02,253 -views.py -17 -INFO: 异步接口调用结束. cfabe5de-2a10-4011-82da-f767b53f65b7
2022-05-31 09:23:02,253 -views.py -17 -INFO: 异步接口调用结束. cfabe5de-2a10-4011-82da-f767b53f65b7
2022-05-31 09:23:02,435 -views.py -15 -INFO: 调用异步接口开始.
2022-05-31 09:23:02,435 -views.py -15 -INFO: 调用异步接口开始.
2022-05-31 09:23:02,435 -views.py -15 -INFO: 调用异步接口开始.
2022-05-31 09:23:02,438 -views.py -17 -INFO: 异步接口调用结束. 314a65e6-6d14-4694-adf5-615f70cf0f5a
2022-05-31 09:23:02,438 -views.py -17 -INFO: 异步接口调用结束. 314a65e6-6d14-4694-adf5-615f70cf0f5a
2022-05-31 09:23:02,438 -views.py -17 -INFO: 异步接口调用结束. 314a65e6-6d14-4694-adf5-615f70cf0f5a
2022-05-31 09:23:02,603 -views.py -15 -INFO: 调用异步接口开始.
2022-05-31 09:23:02,603 -views.py -15 -INFO: 调用异步接口开始.
2022-05-31 09:23:02,603 -views.py -15 -INFO: 调用异步接口开始.
2022-05-31 09:23:02,605 -views.py -17 -INFO: 异步接口调用结束. 462a646e-b318-445d-9b48-15c0a0ac850a
2022-05-31 09:23:02,605 -views.py -17 -INFO: 异步接口调用结束. 462a646e-b318-445d-9b48-15c0a0ac850a
2022-05-31 09:23:02,605 -views.py -17 -INFO: 异步接口调用结束. 462a646e-b318-445d-9b48-15c0a0ac850a
2022-05-31 09:23:02,747 -views.py -15 -INFO: 调用异步接口开始.
2022-05-31 09:23:02,747 -views.py -15 -INFO: 调用异步接口开始.
2022-05-31 09:23:02,747 -views.py -15 -INFO: 调用异步接口开始.
2022-05-31 09:23:02,749 -views.py -17 -INFO: 异步接口调用结束. 715a64c4-7e7c-4e7c-902d-755c5d619de6
2022-05-31 09:23:02,749 -views.py -17 -INFO: 异步接口调用结束. 715a64c4-7e7c-4e7c-902d-755c5d619de6
2022-05-31 09:23:02,749 -views.py -17 -INFO: 异步接口调用结束. 715a64c4-7e7c-4e7c-902d-755c5d619de6
